{"C:\\Users\\Yukai\\Desktop\\YappR_project\\yappr\\backend\\database.ts": {"path":"C:\\Users\\Yukai\\Desktop\\YappR_project\\yappr\\backend\\database.ts","statementMap":{"0":{"start":{"line":7,"column":18},"end":{"line":7,"column":null}},"1":{"start":{"line":8,"column":0},"end":{"line":8,"column":null}},"2":{"start":{"line":10,"column":19},"end":{"line":20,"column":null}}},"fnMap":{},"branchMap":{"0":{"loc":{"start":{"line":11,"column":10},"end":{"line":11,"column":null}},"type":"binary-expr","locations":[{"start":{"line":11,"column":10},"end":{"line":11,"column":33}},{"start":{"line":11,"column":33},"end":{"line":11,"column":null}}],"line":11},"1":{"loc":{"start":{"line":12,"column":10},"end":{"line":12,"column":null}},"type":"binary-expr","locations":[{"start":{"line":12,"column":10},"end":{"line":12,"column":33}},{"start":{"line":12,"column":33},"end":{"line":12,"column":null}}],"line":12},"2":{"loc":{"start":{"line":14,"column":14},"end":{"line":14,"column":null}},"type":"binary-expr","locations":[{"start":{"line":14,"column":14},"end":{"line":14,"column":37}},{"start":{"line":14,"column":37},"end":{"line":14,"column":null}}],"line":14},"3":{"loc":{"start":{"line":15,"column":10},"end":{"line":15,"column":null}},"type":"binary-expr","locations":[{"start":{"line":15,"column":10},"end":{"line":15,"column":41}},{"start":{"line":15,"column":41},"end":{"line":15,"column":null}}],"line":15},"4":{"loc":{"start":{"line":19,"column":9},"end":{"line":19,"column":null}},"type":"cond-expr","locations":[{"start":{"line":19,"column":41},"end":{"line":19,"column":72}},{"start":{"line":19,"column":72},"end":{"line":19,"column":null}}],"line":19}},"s":{"0":0,"1":0,"2":0},"f":{},"b":{"0":[0,0],"1":[0,0],"2":[0,0],"3":[0,0],"4":[0,0]},"meta":{"lastBranch":5,"lastFunction":0,"lastStatement":3,"seen":{"s:7:18:7:Infinity":0,"s:8:0:8:Infinity":1,"s:10:19:20:Infinity":2,"b:11:10:11:33:11:33:11:Infinity":0,"b:12:10:12:33:12:33:12:Infinity":1,"b:14:14:14:37:14:37:14:Infinity":2,"b:15:10:15:41:15:41:15:Infinity":3,"b:19:41:19:72:19:72:19:Infinity":4}}}
,"C:\\Users\\Yukai\\Desktop\\YappR_project\\yappr\\backend\\server.ts": {"path":"C:\\Users\\Yukai\\Desktop\\YappR_project\\yappr\\backend\\server.ts","statementMap":{"0":{"start":{"line":4,"column":0},"end":{"line":4,"column":null}},"1":{"start":{"line":25,"column":6},"end":{"line":25,"column":null}},"2":{"start":{"line":26,"column":18},"end":{"line":26,"column":null}},"3":{"start":{"line":29,"column":18},"end":{"line":29,"column":null}},"4":{"start":{"line":30,"column":18},"end":{"line":30,"column":null}},"5":{"start":{"line":32,"column":6},"end":{"line":32,"column":null}},"6":{"start":{"line":33,"column":0},"end":{"line":33,"column":null}},"7":{"start":{"line":36,"column":0},"end":{"line":39,"column":null}},"8":{"start":{"line":38,"column":2},"end":{"line":38,"column":null}},"9":{"start":{"line":44,"column":0},"end":{"line":55,"column":null}},"10":{"start":{"line":81,"column":0},"end":{"line":81,"column":null}},"11":{"start":{"line":82,"column":0},"end":{"line":82,"column":null}},"12":{"start":{"line":85,"column":0},"end":{"line":85,"column":null}},"13":{"start":{"line":86,"column":0},"end":{"line":86,"column":null}},"14":{"start":{"line":87,"column":0},"end":{"line":87,"column":null}},"15":{"start":{"line":88,"column":0},"end":{"line":88,"column":null}},"16":{"start":{"line":89,"column":0},"end":{"line":89,"column":null}},"17":{"start":{"line":90,"column":0},"end":{"line":90,"column":null}},"18":{"start":{"line":93,"column":0},"end":{"line":93,"column":null}},"19":{"start":{"line":96,"column":0},"end":{"line":104,"column":null}},"20":{"start":{"line":98,"column":2},"end":{"line":98,"column":null}},"21":{"start":{"line":98,"column":28},"end":{"line":98,"column":null}},"22":{"start":{"line":101,"column":2},"end":{"line":103,"column":null}},"23":{"start":{"line":102,"column":4},"end":{"line":102,"column":null}},"24":{"start":{"line":102,"column":13},"end":{"line":102,"column":null}},"25":{"start":{"line":107,"column":0},"end":{"line":116,"column":null}},"26":{"start":{"line":109,"column":2},"end":{"line":111,"column":null}},"27":{"start":{"line":110,"column":4},"end":{"line":110,"column":null}},"28":{"start":{"line":112,"column":2},"end":{"line":112,"column":null}},"29":{"start":{"line":113,"column":2},"end":{"line":115,"column":null}},"30":{"start":{"line":114,"column":4},"end":{"line":114,"column":null}},"31":{"start":{"line":119,"column":13},"end":{"line":119,"column":null}},"32":{"start":{"line":122,"column":17},"end":{"line":122,"column":null}},"33":{"start":{"line":123,"column":22},"end":{"line":123,"column":null}},"34":{"start":{"line":124,"column":2},"end":{"line":133,"column":null}},"35":{"start":{"line":125,"column":4},"end":{"line":125,"column":null}},"36":{"start":{"line":126,"column":4},"end":{"line":126,"column":null}},"37":{"start":{"line":127,"column":2},"end":{"line":133,"column":null}},"38":{"start":{"line":128,"column":4},"end":{"line":128,"column":null}},"39":{"start":{"line":129,"column":4},"end":{"line":129,"column":null}},"40":{"start":{"line":131,"column":4},"end":{"line":131,"column":null}},"41":{"start":{"line":132,"column":4},"end":{"line":132,"column":null}},"42":{"start":{"line":137,"column":0},"end":{"line":137,"column":null}},"43":{"start":{"line":139,"column":0},"end":{"line":141,"column":null}},"44":{"start":{"line":140,"column":2},"end":{"line":140,"column":null}}},"fnMap":{"0":{"name":"(anonymous_0)","decl":{"start":{"line":96,"column":8},"end":{"line":96,"column":9}},"loc":{"start":{"line":96,"column":61},"end":{"line":104,"column":1}},"line":96},"1":{"name":"(anonymous_1)","decl":{"start":{"line":101,"column":26},"end":{"line":101,"column":33}},"loc":{"start":{"line":101,"column":33},"end":{"line":103,"column":3}},"line":101},"2":{"name":"(anonymous_2)","decl":{"start":{"line":107,"column":8},"end":{"line":107,"column":9}},"loc":{"start":{"line":107,"column":71},"end":{"line":116,"column":1}},"line":107},"3":{"name":"validatePublicDir","decl":{"start":{"line":121,"column":9},"end":{"line":121,"column":29}},"loc":{"start":{"line":121,"column":29},"end":{"line":135,"column":null}},"line":121},"4":{"name":"(anonymous_4)","decl":{"start":{"line":139,"column":17},"end":{"line":139,"column":23}},"loc":{"start":{"line":139,"column":23},"end":{"line":141,"column":1}},"line":139}},"branchMap":{"0":{"loc":{"start":{"line":36,"column":0},"end":{"line":39,"column":null}},"type":"if","locations":[{"start":{"line":36,"column":0},"end":{"line":39,"column":null}},{"start":{},"end":{}}],"line":36},"1":{"loc":{"start":{"line":46,"column":10},"end":{"line":46,"column":null}},"type":"binary-expr","locations":[{"start":{"line":46,"column":10},"end":{"line":46,"column":40}},{"start":{"line":46,"column":40},"end":{"line":46,"column":null}}],"line":46},"2":{"loc":{"start":{"line":52,"column":14},"end":{"line":52,"column":null}},"type":"cond-expr","locations":[{"start":{"line":52,"column":54},"end":{"line":52,"column":63}},{"start":{"line":52,"column":63},"end":{"line":52,"column":null}}],"line":52},"3":{"loc":{"start":{"line":98,"column":2},"end":{"line":98,"column":null}},"type":"if","locations":[{"start":{"line":98,"column":2},"end":{"line":98,"column":null}},{"start":{},"end":{}}],"line":98},"4":{"loc":{"start":{"line":102,"column":4},"end":{"line":102,"column":null}},"type":"if","locations":[{"start":{"line":102,"column":4},"end":{"line":102,"column":null}},{"start":{},"end":{}}],"line":102},"5":{"loc":{"start":{"line":109,"column":2},"end":{"line":111,"column":null}},"type":"if","locations":[{"start":{"line":109,"column":2},"end":{"line":111,"column":null}},{"start":{},"end":{}}],"line":109},"6":{"loc":{"start":{"line":109,"column":6},"end":{"line":109,"column":64}},"type":"binary-expr","locations":[{"start":{"line":109,"column":6},"end":{"line":109,"column":37}},{"start":{"line":109,"column":37},"end":{"line":109,"column":64}}],"line":109},"7":{"loc":{"start":{"line":113,"column":2},"end":{"line":115,"column":null}},"type":"if","locations":[{"start":{"line":113,"column":2},"end":{"line":115,"column":null}},{"start":{},"end":{}}],"line":113},"8":{"loc":{"start":{"line":114,"column":15},"end":{"line":114,"column":32}},"type":"binary-expr","locations":[{"start":{"line":114,"column":15},"end":{"line":114,"column":29}},{"start":{"line":114,"column":29},"end":{"line":114,"column":32}}],"line":114},"9":{"loc":{"start":{"line":114,"column":39},"end":{"line":114,"column":80}},"type":"cond-expr","locations":[{"start":{"line":114,"column":52},"end":{"line":114,"column":66}},{"start":{"line":114,"column":66},"end":{"line":114,"column":80}}],"line":114},"10":{"loc":{"start":{"line":119,"column":13},"end":{"line":119,"column":null}},"type":"binary-expr","locations":[{"start":{"line":119,"column":13},"end":{"line":119,"column":33}},{"start":{"line":119,"column":33},"end":{"line":119,"column":null}}],"line":119},"11":{"loc":{"start":{"line":124,"column":2},"end":{"line":133,"column":null}},"type":"if","locations":[{"start":{"line":124,"column":2},"end":{"line":133,"column":null}},{"start":{"line":127,"column":2},"end":{"line":133,"column":null}}],"line":124},"12":{"loc":{"start":{"line":127,"column":2},"end":{"line":133,"column":null}},"type":"if","locations":[{"start":{"line":127,"column":2},"end":{"line":133,"column":null}},{"start":{"line":130,"column":9},"end":{"line":133,"column":null}}],"line":127},"13":{"loc":{"start":{"line":140,"column":70},"end":{"line":140,"column":107}},"type":"binary-expr","locations":[{"start":{"line":140,"column":70},"end":{"line":140,"column":94}},{"start":{"line":140,"column":94},"end":{"line":140,"column":107}}],"line":140}},"s":{"0":0,"1":0,"2":0,"3":0,"4":0,"5":0,"6":0,"7":0,"8":0,"9":0,"10":0,"11":0,"12":0,"13":0,"14":0,"15":0,"16":0,"17":0,"18":0,"19":0,"20":0,"21":0,"22":0,"23":0,"24":0,"25":0,"26":0,"27":0,"28":0,"29":0,"30":0,"31":0,"32":0,"33":0,"34":0,"35":0,"36":0,"37":0,"38":0,"39":0,"40":0,"41":0,"42":0,"43":0,"44":0},"f":{"0":0,"1":0,"2":0,"3":0,"4":0},"b":{"0":[0,0],"1":[0,0],"2":[0,0],"3":[0,0],"4":[0,0],"5":[0,0],"6":[0,0],"7":[0,0],"8":[0,0],"9":[0,0],"10":[0,0],"11":[0,0],"12":[0,0],"13":[0,0]},"meta":{"lastBranch":14,"lastFunction":5,"lastStatement":45,"seen":{"s:4:0:4:Infinity":0,"s:25:6:25:Infinity":1,"s:26:18:26:Infinity":2,"s:29:18:29:Infinity":3,"s:30:18:30:Infinity":4,"s:32:6:32:Infinity":5,"s:33:0:33:Infinity":6,"b:36:0:39:Infinity:undefined:undefined:undefined:undefined":0,"s:36:0:39:Infinity":7,"s:38:2:38:Infinity":8,"s:44:0:55:Infinity":9,"b:46:10:46:40:46:40:46:Infinity":1,"b:52:54:52:63:52:63:52:Infinity":2,"s:81:0:81:Infinity":10,"s:82:0:82:Infinity":11,"s:85:0:85:Infinity":12,"s:86:0:86:Infinity":13,"s:87:0:87:Infinity":14,"s:88:0:88:Infinity":15,"s:89:0:89:Infinity":16,"s:90:0:90:Infinity":17,"s:93:0:93:Infinity":18,"s:96:0:104:Infinity":19,"f:96:8:96:9":0,"b:98:2:98:Infinity:undefined:undefined:undefined:undefined":3,"s:98:2:98:Infinity":20,"s:98:28:98:Infinity":21,"s:101:2:103:Infinity":22,"f:101:26:101:33":1,"b:102:4:102:Infinity:undefined:undefined:undefined:undefined":4,"s:102:4:102:Infinity":23,"s:102:13:102:Infinity":24,"s:107:0:116:Infinity":25,"f:107:8:107:9":2,"b:109:2:111:Infinity:undefined:undefined:undefined:undefined":5,"s:109:2:111:Infinity":26,"b:109:6:109:37:109:37:109:64":6,"s:110:4:110:Infinity":27,"s:112:2:112:Infinity":28,"b:113:2:115:Infinity:undefined:undefined:undefined:undefined":7,"s:113:2:115:Infinity":29,"s:114:4:114:Infinity":30,"b:114:15:114:29:114:29:114:32":8,"b:114:52:114:66:114:66:114:80":9,"s:119:13:119:Infinity":31,"b:119:13:119:33:119:33:119:Infinity":10,"f:121:9:121:29":3,"s:122:17:122:Infinity":32,"s:123:22:123:Infinity":33,"b:124:2:133:Infinity:127:2:133:Infinity":11,"s:124:2:133:Infinity":34,"s:125:4:125:Infinity":35,"s:126:4:126:Infinity":36,"b:127:2:133:Infinity:130:9:133:Infinity":12,"s:127:2:133:Infinity":37,"s:128:4:128:Infinity":38,"s:129:4:129:Infinity":39,"s:131:4:131:Infinity":40,"s:132:4:132:Infinity":41,"s:137:0:137:Infinity":42,"s:139:0:141:Infinity":43,"f:139:17:139:23":4,"s:140:2:140:Infinity":44,"b:140:70:140:94:140:94:140:107":13}}}
,"C:\\Users\\Yukai\\Desktop\\YappR_project\\yappr\\backend\\routes\\chatRoutes.ts": {"path":"C:\\Users\\Yukai\\Desktop\\YappR_project\\yappr\\backend\\routes\\chatRoutes.ts","statementMap":{"0":{"start":{"line":9,"column":15},"end":{"line":9,"column":null}},"1":{"start":{"line":11,"column":0},"end":{"line":65,"column":null}},"2":{"start":{"line":12,"column":68},"end":{"line":12,"column":null}},"3":{"start":{"line":13,"column":4},"end":{"line":13,"column":null}},"4":{"start":{"line":13,"column":34},"end":{"line":13,"column":null}},"5":{"start":{"line":16,"column":4},"end":{"line":16,"column":null}},"6":{"start":{"line":16,"column":21},"end":{"line":16,"column":null}},"7":{"start":{"line":17,"column":4},"end":{"line":17,"column":null}},"8":{"start":{"line":17,"column":20},"end":{"line":17,"column":null}},"9":{"start":{"line":18,"column":4},"end":{"line":18,"column":null}},"10":{"start":{"line":18,"column":35},"end":{"line":18,"column":null}},"11":{"start":{"line":19,"column":4},"end":{"line":64,"column":null}},"12":{"start":{"line":20,"column":26},"end":{"line":23,"column":null}},"13":{"start":{"line":25,"column":27},"end":{"line":25,"column":null}},"14":{"start":{"line":28,"column":8},"end":{"line":31,"column":null}},"15":{"start":{"line":32,"column":8},"end":{"line":51,"column":null}},"16":{"start":{"line":33,"column":51},"end":{"line":33,"column":null}},"17":{"start":{"line":36,"column":27},"end":{"line":39,"column":null}},"18":{"start":{"line":40,"column":12},"end":{"line":42,"column":null}},"19":{"start":{"line":41,"column":16},"end":{"line":41,"column":null}},"20":{"start":{"line":43,"column":12},"end":{"line":45,"column":null}},"21":{"start":{"line":44,"column":16},"end":{"line":44,"column":null}},"22":{"start":{"line":47,"column":12},"end":{"line":50,"column":null}},"23":{"start":{"line":54,"column":8},"end":{"line":57,"column":null}},"24":{"start":{"line":59,"column":8},"end":{"line":59,"column":null}},"25":{"start":{"line":62,"column":8},"end":{"line":62,"column":null}},"26":{"start":{"line":63,"column":8},"end":{"line":63,"column":null}},"27":{"start":{"line":67,"column":0},"end":{"line":134,"column":null}},"28":{"start":{"line":68,"column":53},"end":{"line":68,"column":null}},"29":{"start":{"line":70,"column":4},"end":{"line":70,"column":null}},"30":{"start":{"line":71,"column":4},"end":{"line":133,"column":null}},"31":{"start":{"line":73,"column":35},"end":{"line":76,"column":null}},"32":{"start":{"line":77,"column":8},"end":{"line":77,"column":null}},"33":{"start":{"line":78,"column":8},"end":{"line":80,"column":null}},"34":{"start":{"line":78,"column":45},"end":{"line":78,"column":69}},"35":{"start":{"line":79,"column":12},"end":{"line":79,"column":null}},"36":{"start":{"line":82,"column":8},"end":{"line":93,"column":null}},"37":{"start":{"line":84,"column":12},"end":{"line":86,"column":null}},"38":{"start":{"line":87,"column":12},"end":{"line":89,"column":null}},"39":{"start":{"line":92,"column":12},"end":{"line":92,"column":null}},"40":{"start":{"line":96,"column":8},"end":{"line":116,"column":null}},"41":{"start":{"line":97,"column":12},"end":{"line":100,"column":null}},"42":{"start":{"line":101,"column":12},"end":{"line":104,"column":null}},"43":{"start":{"line":106,"column":40},"end":{"line":109,"column":null}},"44":{"start":{"line":111,"column":12},"end":{"line":114,"column":null}},"45":{"start":{"line":115,"column":12},"end":{"line":115,"column":null}},"46":{"start":{"line":119,"column":8},"end":{"line":122,"column":null}},"47":{"start":{"line":124,"column":8},"end":{"line":127,"column":null}},"48":{"start":{"line":128,"column":8},"end":{"line":128,"column":null}},"49":{"start":{"line":131,"column":8},"end":{"line":131,"column":null}},"50":{"start":{"line":132,"column":8},"end":{"line":132,"column":null}},"51":{"start":{"line":137,"column":0},"end":{"line":156,"column":null}},"52":{"start":{"line":138,"column":43},"end":{"line":138,"column":null}},"53":{"start":{"line":139,"column":4},"end":{"line":155,"column":null}},"54":{"start":{"line":141,"column":8},"end":{"line":141,"column":null}},"55":{"start":{"line":141,"column":36},"end":{"line":141,"column":null}},"56":{"start":{"line":143,"column":8},"end":{"line":146,"column":null}},"57":{"start":{"line":147,"column":8},"end":{"line":150,"column":null}},"58":{"start":{"line":151,"column":8},"end":{"line":151,"column":null}},"59":{"start":{"line":153,"column":8},"end":{"line":153,"column":null}},"60":{"start":{"line":154,"column":8},"end":{"line":154,"column":null}},"61":{"start":{"line":160,"column":0},"end":{"line":286,"column":null}},"62":{"start":{"line":161,"column":20},"end":{"line":161,"column":null}},"63":{"start":{"line":163,"column":4},"end":{"line":285,"column":null}},"64":{"start":{"line":164,"column":36},"end":{"line":167,"column":null}},"65":{"start":{"line":168,"column":8},"end":{"line":170,"column":null}},"66":{"start":{"line":169,"column":12},"end":{"line":169,"column":null}},"67":{"start":{"line":172,"column":26},"end":{"line":172,"column":null}},"68":{"start":{"line":176,"column":8},"end":{"line":270,"column":null}},"69":{"start":{"line":177,"column":39},"end":{"line":177,"column":null}},"70":{"start":{"line":180,"column":31},"end":{"line":183,"column":null}},"71":{"start":{"line":186,"column":12},"end":{"line":226,"column":null}},"72":{"start":{"line":186,"column":25},"end":{"line":186,"column":28}},"73":{"start":{"line":187,"column":36},"end":{"line":187,"column":null}},"74":{"start":{"line":188,"column":35},"end":{"line":191,"column":null}},"75":{"start":{"line":194,"column":38},"end":{"line":197,"column":null}},"76":{"start":{"line":198,"column":29},"end":{"line":198,"column":null}},"77":{"start":{"line":199,"column":52},"end":{"line":199,"column":null}},"78":{"start":{"line":200,"column":53},"end":{"line":200,"column":null}},"79":{"start":{"line":202,"column":16},"end":{"line":214,"column":null}},"80":{"start":{"line":203,"column":32},"end":{"line":203,"column":null}},"81":{"start":{"line":204,"column":20},"end":{"line":204,"column":null}},"82":{"start":{"line":205,"column":20},"end":{"line":205,"column":null}},"83":{"start":{"line":207,"column":20},"end":{"line":213,"column":null}},"84":{"start":{"line":208,"column":24},"end":{"line":208,"column":null}},"85":{"start":{"line":209,"column":20},"end":{"line":213,"column":null}},"86":{"start":{"line":210,"column":24},"end":{"line":210,"column":null}},"87":{"start":{"line":211,"column":20},"end":{"line":213,"column":null}},"88":{"start":{"line":212,"column":24},"end":{"line":212,"column":null}},"89":{"start":{"line":216,"column":16},"end":{"line":216,"column":null}},"90":{"start":{"line":217,"column":16},"end":{"line":217,"column":null}},"91":{"start":{"line":219,"column":16},"end":{"line":219,"column":null}},"92":{"start":{"line":220,"column":16},"end":{"line":220,"column":null}},"93":{"start":{"line":221,"column":16},"end":{"line":221,"column":null}},"94":{"start":{"line":223,"column":16},"end":{"line":223,"column":null}},"95":{"start":{"line":230,"column":34},"end":{"line":233,"column":null}},"96":{"start":{"line":234,"column":29},"end":{"line":234,"column":null}},"97":{"start":{"line":235,"column":37},"end":{"line":238,"column":null}},"98":{"start":{"line":241,"column":27},"end":{"line":241,"column":null}},"99":{"start":{"line":243,"column":38},"end":{"line":246,"column":null}},"100":{"start":{"line":248,"column":12},"end":{"line":258,"column":null}},"101":{"start":{"line":250,"column":37},"end":{"line":253,"column":null}},"102":{"start":{"line":255,"column":16},"end":{"line":257,"column":null}},"103":{"start":{"line":256,"column":20},"end":{"line":256,"column":null}},"104":{"start":{"line":260,"column":12},"end":{"line":260,"column":null}},"105":{"start":{"line":262,"column":12},"end":{"line":262,"column":null}},"106":{"start":{"line":263,"column":12},"end":{"line":263,"column":null}},"107":{"start":{"line":264,"column":12},"end":{"line":264,"column":null}},"108":{"start":{"line":266,"column":12},"end":{"line":266,"column":null}},"109":{"start":{"line":267,"column":12},"end":{"line":267,"column":null}},"110":{"start":{"line":269,"column":12},"end":{"line":269,"column":null}},"111":{"start":{"line":273,"column":8},"end":{"line":275,"column":null}},"112":{"start":{"line":274,"column":12},"end":{"line":274,"column":null}},"113":{"start":{"line":277,"column":8},"end":{"line":279,"column":null}},"114":{"start":{"line":283,"column":8},"end":{"line":283,"column":null}},"115":{"start":{"line":284,"column":8},"end":{"line":284,"column":null}},"116":{"start":{"line":289,"column":0},"end":{"line":348,"column":null}},"117":{"start":{"line":291,"column":55},"end":{"line":291,"column":null}},"118":{"start":{"line":293,"column":4},"end":{"line":293,"column":null}},"119":{"start":{"line":294,"column":4},"end":{"line":347,"column":null}},"120":{"start":{"line":295,"column":28},"end":{"line":298,"column":null}},"121":{"start":{"line":300,"column":8},"end":{"line":300,"column":null}},"122":{"start":{"line":300,"column":38},"end":{"line":300,"column":62}},"123":{"start":{"line":300,"column":65},"end":{"line":300,"column":null}},"124":{"start":{"line":303,"column":8},"end":{"line":303,"column":null}},"125":{"start":{"line":303,"column":57},"end":{"line":303,"column":null}},"126":{"start":{"line":307,"column":8},"end":{"line":323,"column":null}},"127":{"start":{"line":308,"column":46},"end":{"line":311,"column":null}},"128":{"start":{"line":313,"column":46},"end":{"line":316,"column":null}},"129":{"start":{"line":317,"column":12},"end":{"line":319,"column":null}},"130":{"start":{"line":318,"column":16},"end":{"line":318,"column":null}},"131":{"start":{"line":320,"column":12},"end":{"line":322,"column":null}},"132":{"start":{"line":321,"column":16},"end":{"line":321,"column":null}},"133":{"start":{"line":326,"column":29},"end":{"line":326,"column":null}},"134":{"start":{"line":328,"column":8},"end":{"line":334,"column":null}},"135":{"start":{"line":329,"column":12},"end":{"line":332,"column":null}},"136":{"start":{"line":333,"column":12},"end":{"line":333,"column":null}},"137":{"start":{"line":336,"column":39},"end":{"line":336,"column":null}},"138":{"start":{"line":336,"column":68},"end":{"line":336,"column":83}},"139":{"start":{"line":337,"column":8},"end":{"line":340,"column":null}},"140":{"start":{"line":341,"column":8},"end":{"line":341,"column":null}},"141":{"start":{"line":345,"column":8},"end":{"line":345,"column":null}},"142":{"start":{"line":346,"column":8},"end":{"line":346,"column":null}},"143":{"start":{"line":350,"column":0},"end":{"line":385,"column":null}},"144":{"start":{"line":351,"column":86},"end":{"line":351,"column":null}},"145":{"start":{"line":353,"column":4},"end":{"line":384,"column":null}},"146":{"start":{"line":355,"column":8},"end":{"line":357,"column":null}},"147":{"start":{"line":356,"column":12},"end":{"line":356,"column":null}},"148":{"start":{"line":359,"column":8},"end":{"line":361,"column":null}},"149":{"start":{"line":360,"column":12},"end":{"line":360,"column":null}},"150":{"start":{"line":363,"column":30},"end":{"line":366,"column":null}},"151":{"start":{"line":367,"column":8},"end":{"line":369,"column":null}},"152":{"start":{"line":368,"column":12},"end":{"line":368,"column":null}},"153":{"start":{"line":371,"column":8},"end":{"line":374,"column":null}},"154":{"start":{"line":376,"column":8},"end":{"line":379,"column":null}},"155":{"start":{"line":380,"column":8},"end":{"line":380,"column":null}},"156":{"start":{"line":382,"column":8},"end":{"line":382,"column":null}},"157":{"start":{"line":383,"column":8},"end":{"line":383,"column":null}},"158":{"start":{"line":387,"column":0},"end":{"line":413,"column":null}},"159":{"start":{"line":388,"column":66},"end":{"line":388,"column":null}},"160":{"start":{"line":390,"column":4},"end":{"line":392,"column":null}},"161":{"start":{"line":391,"column":8},"end":{"line":391,"column":null}},"162":{"start":{"line":394,"column":4},"end":{"line":412,"column":null}},"163":{"start":{"line":396,"column":8},"end":{"line":398,"column":null}},"164":{"start":{"line":397,"column":12},"end":{"line":397,"column":null}},"165":{"start":{"line":400,"column":8},"end":{"line":403,"column":null}},"166":{"start":{"line":404,"column":8},"end":{"line":407,"column":null}},"167":{"start":{"line":408,"column":8},"end":{"line":408,"column":null}},"168":{"start":{"line":410,"column":8},"end":{"line":410,"column":null}},"169":{"start":{"line":411,"column":8},"end":{"line":411,"column":null}}},"fnMap":{"0":{"name":"(anonymous_0)","decl":{"start":{"line":11,"column":27},"end":{"line":11,"column":34}},"loc":{"start":{"line":11,"column":107},"end":{"line":65,"column":1}},"line":11},"1":{"name":"(anonymous_1)","decl":{"start":{"line":67,"column":26},"end":{"line":67,"column":33}},"loc":{"start":{"line":67,"column":105},"end":{"line":134,"column":1}},"line":67},"2":{"name":"(anonymous_2)","decl":{"start":{"line":78,"column":35},"end":{"line":78,"column":36}},"loc":{"start":{"line":78,"column":45},"end":{"line":78,"column":69}},"line":78},"3":{"name":"(anonymous_3)","decl":{"start":{"line":137,"column":27},"end":{"line":137,"column":34}},"loc":{"start":{"line":137,"column":107},"end":{"line":156,"column":1}},"line":137},"4":{"name":"(anonymous_4)","decl":{"start":{"line":160,"column":37},"end":{"line":160,"column":44}},"loc":{"start":{"line":160,"column":113},"end":{"line":286,"column":1}},"line":160},"5":{"name":"(anonymous_5)","decl":{"start":{"line":273,"column":23},"end":{"line":273,"column":24}},"loc":{"start":{"line":273,"column":33},"end":{"line":275,"column":9}},"line":273},"6":{"name":"(anonymous_6)","decl":{"start":{"line":289,"column":26},"end":{"line":289,"column":33}},"loc":{"start":{"line":289,"column":106},"end":{"line":348,"column":1}},"line":289},"7":{"name":"(anonymous_7)","decl":{"start":{"line":300,"column":28},"end":{"line":300,"column":29}},"loc":{"start":{"line":300,"column":38},"end":{"line":300,"column":62}},"line":300},"8":{"name":"(anonymous_8)","decl":{"start":{"line":336,"column":56},"end":{"line":336,"column":57}},"loc":{"start":{"line":336,"column":68},"end":{"line":336,"column":83}},"line":336},"9":{"name":"(anonymous_9)","decl":{"start":{"line":350,"column":21},"end":{"line":350,"column":28}},"loc":{"start":{"line":350,"column":99},"end":{"line":385,"column":1}},"line":350},"10":{"name":"(anonymous_10)","decl":{"start":{"line":387,"column":29},"end":{"line":387,"column":36}},"loc":{"start":{"line":387,"column":111},"end":{"line":413,"column":1}},"line":387}},"branchMap":{"0":{"loc":{"start":{"line":13,"column":4},"end":{"line":13,"column":null}},"type":"if","locations":[{"start":{"line":13,"column":4},"end":{"line":13,"column":null}},{"start":{},"end":{}}],"line":13},"1":{"loc":{"start":{"line":16,"column":4},"end":{"line":16,"column":null}},"type":"if","locations":[{"start":{"line":16,"column":4},"end":{"line":16,"column":null}},{"start":{},"end":{}}],"line":16},"2":{"loc":{"start":{"line":17,"column":4},"end":{"line":17,"column":null}},"type":"if","locations":[{"start":{"line":17,"column":4},"end":{"line":17,"column":null}},{"start":{},"end":{}}],"line":17},"3":{"loc":{"start":{"line":18,"column":4},"end":{"line":18,"column":null}},"type":"if","locations":[{"start":{"line":18,"column":4},"end":{"line":18,"column":null}},{"start":{},"end":{}}],"line":18},"4":{"loc":{"start":{"line":40,"column":12},"end":{"line":42,"column":null}},"type":"if","locations":[{"start":{"line":40,"column":12},"end":{"line":42,"column":null}},{"start":{},"end":{}}],"line":40},"5":{"loc":{"start":{"line":43,"column":12},"end":{"line":45,"column":null}},"type":"if","locations":[{"start":{"line":43,"column":12},"end":{"line":45,"column":null}},{"start":{},"end":{}}],"line":43},"6":{"loc":{"start":{"line":78,"column":8},"end":{"line":80,"column":null}},"type":"if","locations":[{"start":{"line":78,"column":8},"end":{"line":80,"column":null}},{"start":{},"end":{}}],"line":78},"7":{"loc":{"start":{"line":82,"column":8},"end":{"line":93,"column":null}},"type":"if","locations":[{"start":{"line":82,"column":8},"end":{"line":93,"column":null}},{"start":{},"end":{}}],"line":82},"8":{"loc":{"start":{"line":96,"column":8},"end":{"line":116,"column":null}},"type":"if","locations":[{"start":{"line":96,"column":8},"end":{"line":116,"column":null}},{"start":{},"end":{}}],"line":96},"9":{"loc":{"start":{"line":96,"column":12},"end":{"line":96,"column":67}},"type":"binary-expr","locations":[{"start":{"line":96,"column":12},"end":{"line":96,"column":38}},{"start":{"line":96,"column":38},"end":{"line":96,"column":67}}],"line":96},"10":{"loc":{"start":{"line":141,"column":8},"end":{"line":141,"column":null}},"type":"if","locations":[{"start":{"line":141,"column":8},"end":{"line":141,"column":null}},{"start":{},"end":{}}],"line":141},"11":{"loc":{"start":{"line":168,"column":8},"end":{"line":170,"column":null}},"type":"if","locations":[{"start":{"line":168,"column":8},"end":{"line":170,"column":null}},{"start":{},"end":{}}],"line":168},"12":{"loc":{"start":{"line":202,"column":16},"end":{"line":214,"column":null}},"type":"if","locations":[{"start":{"line":202,"column":16},"end":{"line":214,"column":null}},{"start":{},"end":{}}],"line":202},"13":{"loc":{"start":{"line":207,"column":20},"end":{"line":213,"column":null}},"type":"if","locations":[{"start":{"line":207,"column":20},"end":{"line":213,"column":null}},{"start":{"line":209,"column":20},"end":{"line":213,"column":null}}],"line":207},"14":{"loc":{"start":{"line":209,"column":20},"end":{"line":213,"column":null}},"type":"if","locations":[{"start":{"line":209,"column":20},"end":{"line":213,"column":null}},{"start":{"line":211,"column":20},"end":{"line":213,"column":null}}],"line":209},"15":{"loc":{"start":{"line":209,"column":31},"end":{"line":209,"column":94}},"type":"binary-expr","locations":[{"start":{"line":209,"column":31},"end":{"line":209,"column":59}},{"start":{"line":209,"column":59},"end":{"line":209,"column":94}}],"line":209},"16":{"loc":{"start":{"line":211,"column":20},"end":{"line":213,"column":null}},"type":"if","locations":[{"start":{"line":211,"column":20},"end":{"line":213,"column":null}},{"start":{},"end":{}}],"line":211},"17":{"loc":{"start":{"line":211,"column":31},"end":{"line":211,"column":96}},"type":"binary-expr","locations":[{"start":{"line":211,"column":31},"end":{"line":211,"column":59}},{"start":{"line":211,"column":59},"end":{"line":211,"column":96}}],"line":211},"18":{"loc":{"start":{"line":248,"column":12},"end":{"line":258,"column":null}},"type":"if","locations":[{"start":{"line":248,"column":12},"end":{"line":258,"column":null}},{"start":{},"end":{}}],"line":248},"19":{"loc":{"start":{"line":255,"column":16},"end":{"line":257,"column":null}},"type":"if","locations":[{"start":{"line":255,"column":16},"end":{"line":257,"column":null}},{"start":{},"end":{}}],"line":255},"20":{"loc":{"start":{"line":300,"column":8},"end":{"line":300,"column":null}},"type":"if","locations":[{"start":{"line":300,"column":8},"end":{"line":300,"column":null}},{"start":{},"end":{}}],"line":300},"21":{"loc":{"start":{"line":303,"column":8},"end":{"line":303,"column":null}},"type":"if","locations":[{"start":{"line":303,"column":8},"end":{"line":303,"column":null}},{"start":{},"end":{}}],"line":303},"22":{"loc":{"start":{"line":317,"column":12},"end":{"line":319,"column":null}},"type":"if","locations":[{"start":{"line":317,"column":12},"end":{"line":319,"column":null}},{"start":{},"end":{}}],"line":317},"23":{"loc":{"start":{"line":320,"column":12},"end":{"line":322,"column":null}},"type":"if","locations":[{"start":{"line":320,"column":12},"end":{"line":322,"column":null}},{"start":{},"end":{}}],"line":320},"24":{"loc":{"start":{"line":355,"column":8},"end":{"line":357,"column":null}},"type":"if","locations":[{"start":{"line":355,"column":8},"end":{"line":357,"column":null}},{"start":{},"end":{}}],"line":355},"25":{"loc":{"start":{"line":359,"column":8},"end":{"line":361,"column":null}},"type":"if","locations":[{"start":{"line":359,"column":8},"end":{"line":361,"column":null}},{"start":{},"end":{}}],"line":359},"26":{"loc":{"start":{"line":367,"column":8},"end":{"line":369,"column":null}},"type":"if","locations":[{"start":{"line":367,"column":8},"end":{"line":369,"column":null}},{"start":{},"end":{}}],"line":367},"27":{"loc":{"start":{"line":390,"column":4},"end":{"line":392,"column":null}},"type":"if","locations":[{"start":{"line":390,"column":4},"end":{"line":392,"column":null}},{"start":{},"end":{}}],"line":390},"28":{"loc":{"start":{"line":390,"column":8},"end":{"line":390,"column":74}},"type":"binary-expr","locations":[{"start":{"line":390,"column":8},"end":{"line":390,"column":24}},{"start":{"line":390,"column":24},"end":{"line":390,"column":39}},{"start":{"line":390,"column":39},"end":{"line":390,"column":51}},{"start":{"line":390,"column":51},"end":{"line":390,"column":63}},{"start":{"line":390,"column":63},"end":{"line":390,"column":74}}],"line":390},"29":{"loc":{"start":{"line":396,"column":8},"end":{"line":398,"column":null}},"type":"if","locations":[{"start":{"line":396,"column":8},"end":{"line":398,"column":null}},{"start":{},"end":{}}],"line":396}},"s":{"0":1,"1":1,"2":6,"3":6,"4":1,"5":5,"6":5,"7":4,"8":4,"9":3,"10":3,"11":2,"12":2,"13":1,"14":1,"15":1,"16":1,"17":1,"18":1,"19":0,"20":1,"21":0,"22":1,"23":1,"24":1,"25":1,"26":1,"27":1,"28":4,"29":4,"30":4,"31":4,"32":4,"33":4,"34":6,"35":1,"36":3,"37":1,"38":1,"39":1,"40":2,"41":1,"42":1,"43":1,"44":1,"45":1,"46":1,"47":1,"48":1,"49":0,"50":0,"51":1,"52":3,"53":3,"54":3,"55":1,"56":2,"57":1,"58":1,"59":1,"60":1,"61":1,"62":2,"63":2,"64":2,"65":1,"66":1,"67":0,"68":0,"69":0,"70":0,"71":0,"72":0,"73":0,"74":0,"75":0,"76":0,"77":0,"78":0,"79":0,"80":0,"81":0,"82":0,"83":0,"84":0,"85":0,"86":0,"87":0,"88":0,"89":0,"90":0,"91":0,"92":0,"93":0,"94":0,"95":0,"96":0,"97":0,"98":0,"99":0,"100":0,"101":0,"102":0,"103":0,"104":0,"105":0,"106":0,"107":0,"108":0,"109":0,"110":0,"111":0,"112":0,"113":0,"114":1,"115":1,"116":1,"117":3,"118":3,"119":3,"120":3,"121":3,"122":3,"123":1,"124":2,"125":2,"126":1,"127":1,"128":1,"129":1,"130":0,"131":1,"132":0,"133":1,"134":1,"135":1,"136":1,"137":1,"138":1,"139":1,"140":1,"141":0,"142":0,"143":1,"144":4,"145":4,"146":4,"147":1,"148":3,"149":1,"150":2,"151":2,"152":1,"153":1,"154":1,"155":1,"156":0,"157":0,"158":1,"159":4,"160":4,"161":1,"162":3,"163":3,"164":1,"165":2,"166":1,"167":1,"168":1,"169":1},"f":{"0":6,"1":4,"2":6,"3":3,"4":2,"5":0,"6":3,"7":3,"8":1,"9":4,"10":4},"b":{"0":[1,5],"1":[1,4],"2":[1,3],"3":[1,2],"4":[0,1],"5":[0,1],"6":[1,3],"7":[1,2],"8":[1,1],"9":[2,1],"10":[1,2],"11":[1,0],"12":[0,0],"13":[0,0],"14":[0,0],"15":[0,0],"16":[0,0],"17":[0,0],"18":[0,0],"19":[0,0],"20":[1,2],"21":[1,1],"22":[0,1],"23":[0,1],"24":[1,3],"25":[1,2],"26":[1,1],"27":[1,3],"28":[4,4,3,3,3],"29":[1,2]},"meta":{"lastBranch":30,"lastFunction":11,"lastStatement":170,"seen":{"s:9:15:9:Infinity":0,"s:11:0:65:Infinity":1,"f:11:27:11:34":0,"s:12:68:12:Infinity":2,"b:13:4:13:Infinity:undefined:undefined:undefined:undefined":0,"s:13:4:13:Infinity":3,"s:13:34:13:Infinity":4,"b:16:4:16:Infinity:undefined:undefined:undefined:undefined":1,"s:16:4:16:Infinity":5,"s:16:21:16:Infinity":6,"b:17:4:17:Infinity:undefined:undefined:undefined:undefined":2,"s:17:4:17:Infinity":7,"s:17:20:17:Infinity":8,"b:18:4:18:Infinity:undefined:undefined:undefined:undefined":3,"s:18:4:18:Infinity":9,"s:18:35:18:Infinity":10,"s:19:4:64:Infinity":11,"s:20:26:23:Infinity":12,"s:25:27:25:Infinity":13,"s:28:8:31:Infinity":14,"s:32:8:51:Infinity":15,"s:33:51:33:Infinity":16,"s:36:27:39:Infinity":17,"b:40:12:42:Infinity:undefined:undefined:undefined:undefined":4,"s:40:12:42:Infinity":18,"s:41:16:41:Infinity":19,"b:43:12:45:Infinity:undefined:undefined:undefined:undefined":5,"s:43:12:45:Infinity":20,"s:44:16:44:Infinity":21,"s:47:12:50:Infinity":22,"s:54:8:57:Infinity":23,"s:59:8:59:Infinity":24,"s:62:8:62:Infinity":25,"s:63:8:63:Infinity":26,"s:67:0:134:Infinity":27,"f:67:26:67:33":1,"s:68:53:68:Infinity":28,"s:70:4:70:Infinity":29,"s:71:4:133:Infinity":30,"s:73:35:76:Infinity":31,"s:77:8:77:Infinity":32,"b:78:8:80:Infinity:undefined:undefined:undefined:undefined":6,"s:78:8:80:Infinity":33,"f:78:35:78:36":2,"s:78:45:78:69":34,"s:79:12:79:Infinity":35,"b:82:8:93:Infinity:undefined:undefined:undefined:undefined":7,"s:82:8:93:Infinity":36,"s:84:12:86:Infinity":37,"s:87:12:89:Infinity":38,"s:92:12:92:Infinity":39,"b:96:8:116:Infinity:undefined:undefined:undefined:undefined":8,"s:96:8:116:Infinity":40,"b:96:12:96:38:96:38:96:67":9,"s:97:12:100:Infinity":41,"s:101:12:104:Infinity":42,"s:106:40:109:Infinity":43,"s:111:12:114:Infinity":44,"s:115:12:115:Infinity":45,"s:119:8:122:Infinity":46,"s:124:8:127:Infinity":47,"s:128:8:128:Infinity":48,"s:131:8:131:Infinity":49,"s:132:8:132:Infinity":50,"s:137:0:156:Infinity":51,"f:137:27:137:34":3,"s:138:43:138:Infinity":52,"s:139:4:155:Infinity":53,"b:141:8:141:Infinity:undefined:undefined:undefined:undefined":10,"s:141:8:141:Infinity":54,"s:141:36:141:Infinity":55,"s:143:8:146:Infinity":56,"s:147:8:150:Infinity":57,"s:151:8:151:Infinity":58,"s:153:8:153:Infinity":59,"s:154:8:154:Infinity":60,"s:160:0:286:Infinity":61,"f:160:37:160:44":4,"s:161:20:161:Infinity":62,"s:163:4:285:Infinity":63,"s:164:36:167:Infinity":64,"b:168:8:170:Infinity:undefined:undefined:undefined:undefined":11,"s:168:8:170:Infinity":65,"s:169:12:169:Infinity":66,"s:172:26:172:Infinity":67,"s:176:8:270:Infinity":68,"s:177:39:177:Infinity":69,"s:180:31:183:Infinity":70,"s:186:12:226:Infinity":71,"s:186:25:186:28":72,"s:187:36:187:Infinity":73,"s:188:35:191:Infinity":74,"s:194:38:197:Infinity":75,"s:198:29:198:Infinity":76,"s:199:52:199:Infinity":77,"s:200:53:200:Infinity":78,"b:202:16:214:Infinity:undefined:undefined:undefined:undefined":12,"s:202:16:214:Infinity":79,"s:203:32:203:Infinity":80,"s:204:20:204:Infinity":81,"s:205:20:205:Infinity":82,"b:207:20:213:Infinity:209:20:213:Infinity":13,"s:207:20:213:Infinity":83,"s:208:24:208:Infinity":84,"b:209:20:213:Infinity:211:20:213:Infinity":14,"s:209:20:213:Infinity":85,"b:209:31:209:59:209:59:209:94":15,"s:210:24:210:Infinity":86,"b:211:20:213:Infinity:undefined:undefined:undefined:undefined":16,"s:211:20:213:Infinity":87,"b:211:31:211:59:211:59:211:96":17,"s:212:24:212:Infinity":88,"s:216:16:216:Infinity":89,"s:217:16:217:Infinity":90,"s:219:16:219:Infinity":91,"s:220:16:220:Infinity":92,"s:221:16:221:Infinity":93,"s:223:16:223:Infinity":94,"s:230:34:233:Infinity":95,"s:234:29:234:Infinity":96,"s:235:37:238:Infinity":97,"s:241:27:241:Infinity":98,"s:243:38:246:Infinity":99,"b:248:12:258:Infinity:undefined:undefined:undefined:undefined":18,"s:248:12:258:Infinity":100,"s:250:37:253:Infinity":101,"b:255:16:257:Infinity:undefined:undefined:undefined:undefined":19,"s:255:16:257:Infinity":102,"s:256:20:256:Infinity":103,"s:260:12:260:Infinity":104,"s:262:12:262:Infinity":105,"s:263:12:263:Infinity":106,"s:264:12:264:Infinity":107,"s:266:12:266:Infinity":108,"s:267:12:267:Infinity":109,"s:269:12:269:Infinity":110,"s:273:8:275:Infinity":111,"f:273:23:273:24":5,"s:274:12:274:Infinity":112,"s:277:8:279:Infinity":113,"s:283:8:283:Infinity":114,"s:284:8:284:Infinity":115,"s:289:0:348:Infinity":116,"f:289:26:289:33":6,"s:291:55:291:Infinity":117,"s:293:4:293:Infinity":118,"s:294:4:347:Infinity":119,"s:295:28:298:Infinity":120,"b:300:8:300:Infinity:undefined:undefined:undefined:undefined":20,"s:300:8:300:Infinity":121,"f:300:28:300:29":7,"s:300:38:300:62":122,"s:300:65:300:Infinity":123,"b:303:8:303:Infinity:undefined:undefined:undefined:undefined":21,"s:303:8:303:Infinity":124,"s:303:57:303:Infinity":125,"s:307:8:323:Infinity":126,"s:308:46:311:Infinity":127,"s:313:46:316:Infinity":128,"b:317:12:319:Infinity:undefined:undefined:undefined:undefined":22,"s:317:12:319:Infinity":129,"s:318:16:318:Infinity":130,"b:320:12:322:Infinity:undefined:undefined:undefined:undefined":23,"s:320:12:322:Infinity":131,"s:321:16:321:Infinity":132,"s:326:29:326:Infinity":133,"s:328:8:334:Infinity":134,"s:329:12:332:Infinity":135,"s:333:12:333:Infinity":136,"s:336:39:336:Infinity":137,"f:336:56:336:57":8,"s:336:68:336:83":138,"s:337:8:340:Infinity":139,"s:341:8:341:Infinity":140,"s:345:8:345:Infinity":141,"s:346:8:346:Infinity":142,"s:350:0:385:Infinity":143,"f:350:21:350:28":9,"s:351:86:351:Infinity":144,"s:353:4:384:Infinity":145,"b:355:8:357:Infinity:undefined:undefined:undefined:undefined":24,"s:355:8:357:Infinity":146,"s:356:12:356:Infinity":147,"b:359:8:361:Infinity:undefined:undefined:undefined:undefined":25,"s:359:8:361:Infinity":148,"s:360:12:360:Infinity":149,"s:363:30:366:Infinity":150,"b:367:8:369:Infinity:undefined:undefined:undefined:undefined":26,"s:367:8:369:Infinity":151,"s:368:12:368:Infinity":152,"s:371:8:374:Infinity":153,"s:376:8:379:Infinity":154,"s:380:8:380:Infinity":155,"s:382:8:382:Infinity":156,"s:383:8:383:Infinity":157,"s:387:0:413:Infinity":158,"f:387:29:387:36":10,"s:388:66:388:Infinity":159,"b:390:4:392:Infinity:undefined:undefined:undefined:undefined":27,"s:390:4:392:Infinity":160,"b:390:8:390:24:390:24:390:39:390:39:390:51:390:51:390:63:390:63:390:74":28,"s:391:8:391:Infinity":161,"s:394:4:412:Infinity":162,"b:396:8:398:Infinity:undefined:undefined:undefined:undefined":29,"s:396:8:398:Infinity":163,"s:397:12:397:Infinity":164,"s:400:8:403:Infinity":165,"s:404:8:407:Infinity":166,"s:408:8:408:Infinity":167,"s:410:8:410:Infinity":168,"s:411:8:411:Infinity":169}}}
,"C:\\Users\\Yukai\\Desktop\\YappR_project\\yappr\\backend\\routes\\friendsRoutes.ts": {"path":"C:\\Users\\Yukai\\Desktop\\YappR_project\\yappr\\backend\\routes\\friendsRoutes.ts","statementMap":{"0":{"start":{"line":4,"column":15},"end":{"line":4,"column":null}},"1":{"start":{"line":18,"column":0},"end":{"line":103,"column":null}},"2":{"start":{"line":19,"column":37},"end":{"line":19,"column":null}},"3":{"start":{"line":22,"column":4},"end":{"line":100,"column":null}},"4":{"start":{"line":23,"column":8},"end":{"line":25,"column":null}},"5":{"start":{"line":24,"column":12},"end":{"line":24,"column":null}},"6":{"start":{"line":28,"column":29},"end":{"line":30,"column":null}},"7":{"start":{"line":32,"column":23},"end":{"line":34,"column":null}},"8":{"start":{"line":36,"column":8},"end":{"line":46,"column":null}},"9":{"start":{"line":37,"column":12},"end":{"line":37,"column":null}},"10":{"start":{"line":38,"column":12},"end":{"line":38,"column":null}},"11":{"start":{"line":39,"column":8},"end":{"line":46,"column":null}},"12":{"start":{"line":41,"column":12},"end":{"line":41,"column":null}},"13":{"start":{"line":42,"column":12},"end":{"line":42,"column":null}},"14":{"start":{"line":45,"column":12},"end":{"line":45,"column":null}},"15":{"start":{"line":48,"column":8},"end":{"line":50,"column":null}},"16":{"start":{"line":49,"column":12},"end":{"line":49,"column":null}},"17":{"start":{"line":51,"column":8},"end":{"line":54,"column":null}},"18":{"start":{"line":52,"column":12},"end":{"line":52,"column":null}},"19":{"start":{"line":56,"column":33},"end":{"line":59,"column":null}},"20":{"start":{"line":61,"column":40},"end":{"line":64,"column":null}},"21":{"start":{"line":66,"column":8},"end":{"line":73,"column":null}},"22":{"start":{"line":68,"column":12},"end":{"line":71,"column":null}},"23":{"start":{"line":72,"column":12},"end":{"line":72,"column":null}},"24":{"start":{"line":75,"column":8},"end":{"line":96,"column":null}},"25":{"start":{"line":76,"column":12},"end":{"line":76,"column":null}},"26":{"start":{"line":77,"column":8},"end":{"line":96,"column":null}},"27":{"start":{"line":79,"column":12},"end":{"line":79,"column":null}},"28":{"start":{"line":80,"column":8},"end":{"line":96,"column":null}},"29":{"start":{"line":82,"column":12},"end":{"line":85,"column":null}},"30":{"start":{"line":86,"column":12},"end":{"line":86,"column":null}},"31":{"start":{"line":87,"column":8},"end":{"line":96,"column":null}},"32":{"start":{"line":89,"column":12},"end":{"line":92,"column":null}},"33":{"start":{"line":93,"column":12},"end":{"line":93,"column":null}},"34":{"start":{"line":95,"column":12},"end":{"line":95,"column":null}},"35":{"start":{"line":98,"column":8},"end":{"line":98,"column":null}},"36":{"start":{"line":99,"column":8},"end":{"line":99,"column":null}},"37":{"start":{"line":106,"column":0},"end":{"line":134,"column":null}},"38":{"start":{"line":107,"column":56},"end":{"line":107,"column":null}},"39":{"start":{"line":110,"column":4},"end":{"line":133,"column":null}},"40":{"start":{"line":111,"column":23},"end":{"line":114,"column":null}},"41":{"start":{"line":115,"column":8},"end":{"line":117,"column":null}},"42":{"start":{"line":116,"column":12},"end":{"line":116,"column":null}},"43":{"start":{"line":118,"column":8},"end":{"line":120,"column":null}},"44":{"start":{"line":119,"column":12},"end":{"line":119,"column":null}},"45":{"start":{"line":121,"column":8},"end":{"line":123,"column":null}},"46":{"start":{"line":122,"column":12},"end":{"line":122,"column":null}},"47":{"start":{"line":125,"column":8},"end":{"line":128,"column":null}},"48":{"start":{"line":129,"column":8},"end":{"line":129,"column":null}},"49":{"start":{"line":131,"column":8},"end":{"line":131,"column":null}},"50":{"start":{"line":132,"column":8},"end":{"line":132,"column":null}},"51":{"start":{"line":135,"column":0},"end":{"line":164,"column":null}},"52":{"start":{"line":136,"column":52},"end":{"line":136,"column":null}},"53":{"start":{"line":139,"column":4},"end":{"line":162,"column":null}},"54":{"start":{"line":140,"column":23},"end":{"line":143,"column":null}},"55":{"start":{"line":144,"column":8},"end":{"line":146,"column":null}},"56":{"start":{"line":145,"column":12},"end":{"line":145,"column":null}},"57":{"start":{"line":147,"column":8},"end":{"line":149,"column":null}},"58":{"start":{"line":148,"column":12},"end":{"line":148,"column":null}},"59":{"start":{"line":150,"column":8},"end":{"line":152,"column":null}},"60":{"start":{"line":151,"column":12},"end":{"line":151,"column":null}},"61":{"start":{"line":154,"column":8},"end":{"line":157,"column":null}},"62":{"start":{"line":158,"column":8},"end":{"line":158,"column":null}},"63":{"start":{"line":160,"column":8},"end":{"line":160,"column":null}},"64":{"start":{"line":161,"column":8},"end":{"line":161,"column":null}},"65":{"start":{"line":166,"column":0},"end":{"line":194,"column":null}},"66":{"start":{"line":167,"column":52},"end":{"line":167,"column":null}},"67":{"start":{"line":170,"column":4},"end":{"line":193,"column":null}},"68":{"start":{"line":171,"column":23},"end":{"line":174,"column":null}},"69":{"start":{"line":175,"column":8},"end":{"line":177,"column":null}},"70":{"start":{"line":176,"column":12},"end":{"line":176,"column":null}},"71":{"start":{"line":178,"column":8},"end":{"line":180,"column":null}},"72":{"start":{"line":179,"column":12},"end":{"line":179,"column":null}},"73":{"start":{"line":181,"column":8},"end":{"line":183,"column":null}},"74":{"start":{"line":182,"column":12},"end":{"line":182,"column":null}},"75":{"start":{"line":185,"column":8},"end":{"line":188,"column":null}},"76":{"start":{"line":189,"column":8},"end":{"line":189,"column":null}},"77":{"start":{"line":191,"column":8},"end":{"line":191,"column":null}},"78":{"start":{"line":192,"column":8},"end":{"line":192,"column":null}},"79":{"start":{"line":196,"column":0},"end":{"line":221,"column":null}},"80":{"start":{"line":197,"column":45},"end":{"line":197,"column":null}},"81":{"start":{"line":200,"column":4},"end":{"line":220,"column":null}},"82":{"start":{"line":201,"column":23},"end":{"line":204,"column":null}},"83":{"start":{"line":205,"column":8},"end":{"line":207,"column":null}},"84":{"start":{"line":206,"column":12},"end":{"line":206,"column":null}},"85":{"start":{"line":208,"column":8},"end":{"line":210,"column":null}},"86":{"start":{"line":209,"column":12},"end":{"line":209,"column":null}},"87":{"start":{"line":212,"column":8},"end":{"line":215,"column":null}},"88":{"start":{"line":216,"column":8},"end":{"line":216,"column":null}},"89":{"start":{"line":218,"column":8},"end":{"line":218,"column":null}},"90":{"start":{"line":219,"column":8},"end":{"line":219,"column":null}},"91":{"start":{"line":224,"column":0},"end":{"line":240,"column":null}},"92":{"start":{"line":225,"column":20},"end":{"line":225,"column":null}},"93":{"start":{"line":227,"column":4},"end":{"line":238,"column":null}},"94":{"start":{"line":228,"column":30},"end":{"line":232,"column":null}},"95":{"start":{"line":234,"column":8},"end":{"line":234,"column":null}},"96":{"start":{"line":236,"column":8},"end":{"line":236,"column":null}},"97":{"start":{"line":237,"column":8},"end":{"line":237,"column":null}},"98":{"start":{"line":241,"column":0},"end":{"line":255,"column":null}},"99":{"start":{"line":242,"column":20},"end":{"line":242,"column":null}},"100":{"start":{"line":243,"column":4},"end":{"line":254,"column":null}},"101":{"start":{"line":245,"column":23},"end":{"line":248,"column":null}},"102":{"start":{"line":250,"column":8},"end":{"line":250,"column":null}},"103":{"start":{"line":252,"column":8},"end":{"line":252,"column":null}},"104":{"start":{"line":253,"column":8},"end":{"line":253,"column":null}},"105":{"start":{"line":256,"column":0},"end":{"line":270,"column":null}},"106":{"start":{"line":257,"column":20},"end":{"line":257,"column":null}},"107":{"start":{"line":258,"column":4},"end":{"line":269,"column":null}},"108":{"start":{"line":260,"column":23},"end":{"line":263,"column":null}},"109":{"start":{"line":265,"column":8},"end":{"line":265,"column":null}},"110":{"start":{"line":267,"column":8},"end":{"line":267,"column":null}},"111":{"start":{"line":268,"column":8},"end":{"line":268,"column":null}}},"fnMap":{"0":{"name":"(anonymous_0)","decl":{"start":{"line":18,"column":34},"end":{"line":18,"column":41}},"loc":{"start":{"line":18,"column":115},"end":{"line":103,"column":1}},"line":18},"1":{"name":"(anonymous_1)","decl":{"start":{"line":106,"column":23},"end":{"line":106,"column":30}},"loc":{"start":{"line":106,"column":106},"end":{"line":134,"column":1}},"line":106},"2":{"name":"(anonymous_2)","decl":{"start":{"line":135,"column":23},"end":{"line":135,"column":30}},"loc":{"start":{"line":135,"column":112},"end":{"line":164,"column":1}},"line":135},"3":{"name":"(anonymous_3)","decl":{"start":{"line":166,"column":23},"end":{"line":166,"column":30}},"loc":{"start":{"line":166,"column":111},"end":{"line":194,"column":1}},"line":166},"4":{"name":"(anonymous_4)","decl":{"start":{"line":196,"column":25},"end":{"line":196,"column":31}},"loc":{"start":{"line":196,"column":102},"end":{"line":221,"column":1}},"line":196},"5":{"name":"(anonymous_5)","decl":{"start":{"line":224,"column":36},"end":{"line":224,"column":42}},"loc":{"start":{"line":224,"column":116},"end":{"line":240,"column":1}},"line":224},"6":{"name":"(anonymous_6)","decl":{"start":{"line":241,"column":41},"end":{"line":241,"column":47}},"loc":{"start":{"line":241,"column":120},"end":{"line":255,"column":1}},"line":241},"7":{"name":"(anonymous_7)","decl":{"start":{"line":256,"column":41},"end":{"line":256,"column":48}},"loc":{"start":{"line":256,"column":121},"end":{"line":270,"column":1}},"line":256}},"branchMap":{"0":{"loc":{"start":{"line":23,"column":8},"end":{"line":25,"column":null}},"type":"if","locations":[{"start":{"line":23,"column":8},"end":{"line":25,"column":null}},{"start":{},"end":{}}],"line":23},"1":{"loc":{"start":{"line":23,"column":12},"end":{"line":23,"column":56}},"type":"binary-expr","locations":[{"start":{"line":23,"column":12},"end":{"line":23,"column":28}},{"start":{"line":23,"column":28},"end":{"line":23,"column":56}}],"line":23},"2":{"loc":{"start":{"line":36,"column":8},"end":{"line":46,"column":null}},"type":"if","locations":[{"start":{"line":36,"column":8},"end":{"line":46,"column":null}},{"start":{"line":39,"column":8},"end":{"line":46,"column":null}}],"line":36},"3":{"loc":{"start":{"line":39,"column":8},"end":{"line":46,"column":null}},"type":"if","locations":[{"start":{"line":39,"column":8},"end":{"line":46,"column":null}},{"start":{"line":44,"column":13},"end":{"line":46,"column":null}}],"line":39},"4":{"loc":{"start":{"line":48,"column":8},"end":{"line":50,"column":null}},"type":"if","locations":[{"start":{"line":48,"column":8},"end":{"line":50,"column":null}},{"start":{},"end":{}}],"line":48},"5":{"loc":{"start":{"line":51,"column":8},"end":{"line":54,"column":null}},"type":"if","locations":[{"start":{"line":51,"column":8},"end":{"line":54,"column":null}},{"start":{},"end":{}}],"line":51},"6":{"loc":{"start":{"line":66,"column":8},"end":{"line":73,"column":null}},"type":"if","locations":[{"start":{"line":66,"column":8},"end":{"line":73,"column":null}},{"start":{},"end":{}}],"line":66},"7":{"loc":{"start":{"line":66,"column":12},"end":{"line":66,"column":79}},"type":"binary-expr","locations":[{"start":{"line":66,"column":12},"end":{"line":66,"column":43}},{"start":{"line":66,"column":43},"end":{"line":66,"column":79}}],"line":66},"8":{"loc":{"start":{"line":75,"column":8},"end":{"line":96,"column":null}},"type":"if","locations":[{"start":{"line":75,"column":8},"end":{"line":96,"column":null}},{"start":{"line":77,"column":8},"end":{"line":96,"column":null}}],"line":75},"9":{"loc":{"start":{"line":75,"column":12},"end":{"line":75,"column":103}},"type":"binary-expr","locations":[{"start":{"line":75,"column":12},"end":{"line":75,"column":55}},{"start":{"line":75,"column":55},"end":{"line":75,"column":103}}],"line":75},"10":{"loc":{"start":{"line":77,"column":8},"end":{"line":96,"column":null}},"type":"if","locations":[{"start":{"line":77,"column":8},"end":{"line":96,"column":null}},{"start":{"line":80,"column":8},"end":{"line":96,"column":null}}],"line":77},"11":{"loc":{"start":{"line":78,"column":17},"end":{"line":78,"column":110}},"type":"binary-expr","locations":[{"start":{"line":78,"column":17},"end":{"line":78,"column":61}},{"start":{"line":78,"column":61},"end":{"line":78,"column":110}}],"line":78},"12":{"loc":{"start":{"line":80,"column":8},"end":{"line":96,"column":null}},"type":"if","locations":[{"start":{"line":80,"column":8},"end":{"line":96,"column":null}},{"start":{"line":87,"column":8},"end":{"line":96,"column":null}}],"line":80},"13":{"loc":{"start":{"line":81,"column":17},"end":{"line":81,"column":105}},"type":"binary-expr","locations":[{"start":{"line":81,"column":17},"end":{"line":81,"column":63}},{"start":{"line":81,"column":63},"end":{"line":81,"column":105}}],"line":81},"14":{"loc":{"start":{"line":87,"column":8},"end":{"line":96,"column":null}},"type":"if","locations":[{"start":{"line":87,"column":8},"end":{"line":96,"column":null}},{"start":{"line":94,"column":15},"end":{"line":96,"column":null}}],"line":87},"15":{"loc":{"start":{"line":88,"column":17},"end":{"line":88,"column":119}},"type":"binary-expr","locations":[{"start":{"line":88,"column":17},"end":{"line":88,"column":70}},{"start":{"line":88,"column":70},"end":{"line":88,"column":119}}],"line":88},"16":{"loc":{"start":{"line":115,"column":8},"end":{"line":117,"column":null}},"type":"if","locations":[{"start":{"line":115,"column":8},"end":{"line":117,"column":null}},{"start":{},"end":{}}],"line":115},"17":{"loc":{"start":{"line":118,"column":8},"end":{"line":120,"column":null}},"type":"if","locations":[{"start":{"line":118,"column":8},"end":{"line":120,"column":null}},{"start":{},"end":{}}],"line":118},"18":{"loc":{"start":{"line":121,"column":8},"end":{"line":123,"column":null}},"type":"if","locations":[{"start":{"line":121,"column":8},"end":{"line":123,"column":null}},{"start":{},"end":{}}],"line":121},"19":{"loc":{"start":{"line":144,"column":8},"end":{"line":146,"column":null}},"type":"if","locations":[{"start":{"line":144,"column":8},"end":{"line":146,"column":null}},{"start":{},"end":{}}],"line":144},"20":{"loc":{"start":{"line":147,"column":8},"end":{"line":149,"column":null}},"type":"if","locations":[{"start":{"line":147,"column":8},"end":{"line":149,"column":null}},{"start":{},"end":{}}],"line":147},"21":{"loc":{"start":{"line":150,"column":8},"end":{"line":152,"column":null}},"type":"if","locations":[{"start":{"line":150,"column":8},"end":{"line":152,"column":null}},{"start":{},"end":{}}],"line":150},"22":{"loc":{"start":{"line":175,"column":8},"end":{"line":177,"column":null}},"type":"if","locations":[{"start":{"line":175,"column":8},"end":{"line":177,"column":null}},{"start":{},"end":{}}],"line":175},"23":{"loc":{"start":{"line":178,"column":8},"end":{"line":180,"column":null}},"type":"if","locations":[{"start":{"line":178,"column":8},"end":{"line":180,"column":null}},{"start":{},"end":{}}],"line":178},"24":{"loc":{"start":{"line":181,"column":8},"end":{"line":183,"column":null}},"type":"if","locations":[{"start":{"line":181,"column":8},"end":{"line":183,"column":null}},{"start":{},"end":{}}],"line":181},"25":{"loc":{"start":{"line":205,"column":8},"end":{"line":207,"column":null}},"type":"if","locations":[{"start":{"line":205,"column":8},"end":{"line":207,"column":null}},{"start":{},"end":{}}],"line":205},"26":{"loc":{"start":{"line":208,"column":8},"end":{"line":210,"column":null}},"type":"if","locations":[{"start":{"line":208,"column":8},"end":{"line":210,"column":null}},{"start":{},"end":{}}],"line":208}},"s":{"0":1,"1":1,"2":6,"3":6,"4":6,"5":2,"6":4,"7":4,"8":4,"9":2,"10":2,"11":2,"12":2,"13":2,"14":0,"15":4,"16":0,"17":4,"18":0,"19":4,"20":4,"21":4,"22":1,"23":1,"24":3,"25":2,"26":1,"27":1,"28":0,"29":0,"30":0,"31":0,"32":0,"33":0,"34":0,"35":0,"36":0,"37":1,"38":4,"39":4,"40":4,"41":4,"42":1,"43":3,"44":1,"45":2,"46":1,"47":1,"48":1,"49":0,"50":0,"51":1,"52":3,"53":3,"54":3,"55":3,"56":0,"57":3,"58":1,"59":2,"60":1,"61":1,"62":1,"63":0,"64":0,"65":1,"66":3,"67":3,"68":3,"69":3,"70":0,"71":3,"72":1,"73":2,"74":1,"75":1,"76":1,"77":0,"78":0,"79":1,"80":3,"81":3,"82":3,"83":3,"84":1,"85":2,"86":1,"87":1,"88":1,"89":0,"90":0,"91":1,"92":1,"93":1,"94":1,"95":1,"96":0,"97":0,"98":1,"99":1,"100":1,"101":1,"102":1,"103":0,"104":0,"105":1,"106":1,"107":1,"108":1,"109":1,"110":0,"111":0},"f":{"0":6,"1":4,"2":3,"3":3,"4":3,"5":1,"6":1,"7":1},"b":{"0":[2,4],"1":[6,5],"2":[2,2],"3":[2,0],"4":[0,4],"5":[0,4],"6":[1,3],"7":[4,2],"8":[2,1],"9":[3,2],"10":[1,0],"11":[1,0],"12":[0,0],"13":[0,0],"14":[0,0],"15":[0,0],"16":[1,3],"17":[1,2],"18":[1,1],"19":[0,3],"20":[1,2],"21":[1,1],"22":[0,3],"23":[1,2],"24":[1,1],"25":[1,2],"26":[1,1]},"meta":{"lastBranch":27,"lastFunction":8,"lastStatement":112,"seen":{"s:4:15:4:Infinity":0,"s:18:0:103:Infinity":1,"f:18:34:18:41":0,"s:19:37:19:Infinity":2,"s:22:4:100:Infinity":3,"b:23:8:25:Infinity:undefined:undefined:undefined:undefined":0,"s:23:8:25:Infinity":4,"b:23:12:23:28:23:28:23:56":1,"s:24:12:24:Infinity":5,"s:28:29:30:Infinity":6,"s:32:23:34:Infinity":7,"b:36:8:46:Infinity:39:8:46:Infinity":2,"s:36:8:46:Infinity":8,"s:37:12:37:Infinity":9,"s:38:12:38:Infinity":10,"b:39:8:46:Infinity:44:13:46:Infinity":3,"s:39:8:46:Infinity":11,"s:41:12:41:Infinity":12,"s:42:12:42:Infinity":13,"s:45:12:45:Infinity":14,"b:48:8:50:Infinity:undefined:undefined:undefined:undefined":4,"s:48:8:50:Infinity":15,"s:49:12:49:Infinity":16,"b:51:8:54:Infinity:undefined:undefined:undefined:undefined":5,"s:51:8:54:Infinity":17,"s:52:12:52:Infinity":18,"s:56:33:59:Infinity":19,"s:61:40:64:Infinity":20,"b:66:8:73:Infinity:undefined:undefined:undefined:undefined":6,"s:66:8:73:Infinity":21,"b:66:12:66:43:66:43:66:79":7,"s:68:12:71:Infinity":22,"s:72:12:72:Infinity":23,"b:75:8:96:Infinity:77:8:96:Infinity":8,"s:75:8:96:Infinity":24,"b:75:12:75:55:75:55:75:103":9,"s:76:12:76:Infinity":25,"b:77:8:96:Infinity:80:8:96:Infinity":10,"s:77:8:96:Infinity":26,"b:78:17:78:61:78:61:78:110":11,"s:79:12:79:Infinity":27,"b:80:8:96:Infinity:87:8:96:Infinity":12,"s:80:8:96:Infinity":28,"b:81:17:81:63:81:63:81:105":13,"s:82:12:85:Infinity":29,"s:86:12:86:Infinity":30,"b:87:8:96:Infinity:94:15:96:Infinity":14,"s:87:8:96:Infinity":31,"b:88:17:88:70:88:70:88:119":15,"s:89:12:92:Infinity":32,"s:93:12:93:Infinity":33,"s:95:12:95:Infinity":34,"s:98:8:98:Infinity":35,"s:99:8:99:Infinity":36,"s:106:0:134:Infinity":37,"f:106:23:106:30":1,"s:107:56:107:Infinity":38,"s:110:4:133:Infinity":39,"s:111:23:114:Infinity":40,"b:115:8:117:Infinity:undefined:undefined:undefined:undefined":16,"s:115:8:117:Infinity":41,"s:116:12:116:Infinity":42,"b:118:8:120:Infinity:undefined:undefined:undefined:undefined":17,"s:118:8:120:Infinity":43,"s:119:12:119:Infinity":44,"b:121:8:123:Infinity:undefined:undefined:undefined:undefined":18,"s:121:8:123:Infinity":45,"s:122:12:122:Infinity":46,"s:125:8:128:Infinity":47,"s:129:8:129:Infinity":48,"s:131:8:131:Infinity":49,"s:132:8:132:Infinity":50,"s:135:0:164:Infinity":51,"f:135:23:135:30":2,"s:136:52:136:Infinity":52,"s:139:4:162:Infinity":53,"s:140:23:143:Infinity":54,"b:144:8:146:Infinity:undefined:undefined:undefined:undefined":19,"s:144:8:146:Infinity":55,"s:145:12:145:Infinity":56,"b:147:8:149:Infinity:undefined:undefined:undefined:undefined":20,"s:147:8:149:Infinity":57,"s:148:12:148:Infinity":58,"b:150:8:152:Infinity:undefined:undefined:undefined:undefined":21,"s:150:8:152:Infinity":59,"s:151:12:151:Infinity":60,"s:154:8:157:Infinity":61,"s:158:8:158:Infinity":62,"s:160:8:160:Infinity":63,"s:161:8:161:Infinity":64,"s:166:0:194:Infinity":65,"f:166:23:166:30":3,"s:167:52:167:Infinity":66,"s:170:4:193:Infinity":67,"s:171:23:174:Infinity":68,"b:175:8:177:Infinity:undefined:undefined:undefined:undefined":22,"s:175:8:177:Infinity":69,"s:176:12:176:Infinity":70,"b:178:8:180:Infinity:undefined:undefined:undefined:undefined":23,"s:178:8:180:Infinity":71,"s:179:12:179:Infinity":72,"b:181:8:183:Infinity:undefined:undefined:undefined:undefined":24,"s:181:8:183:Infinity":73,"s:182:12:182:Infinity":74,"s:185:8:188:Infinity":75,"s:189:8:189:Infinity":76,"s:191:8:191:Infinity":77,"s:192:8:192:Infinity":78,"s:196:0:221:Infinity":79,"f:196:25:196:31":4,"s:197:45:197:Infinity":80,"s:200:4:220:Infinity":81,"s:201:23:204:Infinity":82,"b:205:8:207:Infinity:undefined:undefined:undefined:undefined":25,"s:205:8:207:Infinity":83,"s:206:12:206:Infinity":84,"b:208:8:210:Infinity:undefined:undefined:undefined:undefined":26,"s:208:8:210:Infinity":85,"s:209:12:209:Infinity":86,"s:212:8:215:Infinity":87,"s:216:8:216:Infinity":88,"s:218:8:218:Infinity":89,"s:219:8:219:Infinity":90,"s:224:0:240:Infinity":91,"f:224:36:224:42":5,"s:225:20:225:Infinity":92,"s:227:4:238:Infinity":93,"s:228:30:232:Infinity":94,"s:234:8:234:Infinity":95,"s:236:8:236:Infinity":96,"s:237:8:237:Infinity":97,"s:241:0:255:Infinity":98,"f:241:41:241:47":6,"s:242:20:242:Infinity":99,"s:243:4:254:Infinity":100,"s:245:23:248:Infinity":101,"s:250:8:250:Infinity":102,"s:252:8:252:Infinity":103,"s:253:8:253:Infinity":104,"s:256:0:270:Infinity":105,"f:256:41:256:48":7,"s:257:20:257:Infinity":106,"s:258:4:269:Infinity":107,"s:260:23:263:Infinity":108,"s:265:8:265:Infinity":109,"s:267:8:267:Infinity":110,"s:268:8:268:Infinity":111}}}
,"C:\\Users\\Yukai\\Desktop\\YappR_project\\yappr\\backend\\routes\\geminiRoutes.ts": {"path":"C:\\Users\\Yukai\\Desktop\\YappR_project\\yappr\\backend\\routes\\geminiRoutes.ts","statementMap":{"0":{"start":{"line":13,"column":18},"end":{"line":13,"column":null}},"1":{"start":{"line":14,"column":0},"end":{"line":14,"column":null}},"2":{"start":{"line":16,"column":15},"end":{"line":16,"column":null}},"3":{"start":{"line":18,"column":14},"end":{"line":18,"column":null}},"4":{"start":{"line":21,"column":0},"end":{"line":71,"column":null}},"5":{"start":{"line":22,"column":49},"end":{"line":22,"column":null}},"6":{"start":{"line":24,"column":4},"end":{"line":26,"column":null}},"7":{"start":{"line":25,"column":8},"end":{"line":25,"column":null}},"8":{"start":{"line":28,"column":4},"end":{"line":70,"column":null}},"9":{"start":{"line":30,"column":23},"end":{"line":33,"column":null}},"10":{"start":{"line":34,"column":8},"end":{"line":37,"column":null}},"11":{"start":{"line":36,"column":12},"end":{"line":36,"column":null}},"12":{"start":{"line":39,"column":8},"end":{"line":42,"column":null}},"13":{"start":{"line":44,"column":22},"end":{"line":44,"column":null}},"14":{"start":{"line":46,"column":29},"end":{"line":54,"column":null}},"15":{"start":{"line":56,"column":23},"end":{"line":56,"column":null}},"16":{"start":{"line":57,"column":21},"end":{"line":57,"column":null}},"17":{"start":{"line":59,"column":8},"end":{"line":62,"column":null}},"18":{"start":{"line":66,"column":8},"end":{"line":66,"column":null}},"19":{"start":{"line":68,"column":8},"end":{"line":68,"column":null}},"20":{"start":{"line":69,"column":8},"end":{"line":69,"column":null}}},"fnMap":{"0":{"name":"(anonymous_0)","decl":{"start":{"line":21,"column":23},"end":{"line":21,"column":30}},"loc":{"start":{"line":21,"column":103},"end":{"line":71,"column":1}},"line":21}},"branchMap":{"0":{"loc":{"start":{"line":24,"column":4},"end":{"line":26,"column":null}},"type":"if","locations":[{"start":{"line":24,"column":4},"end":{"line":26,"column":null}},{"start":{},"end":{}}],"line":24},"1":{"loc":{"start":{"line":24,"column":8},"end":{"line":24,"column":41}},"type":"binary-expr","locations":[{"start":{"line":24,"column":8},"end":{"line":24,"column":19}},{"start":{"line":24,"column":19},"end":{"line":24,"column":31}},{"start":{"line":24,"column":31},"end":{"line":24,"column":41}}],"line":24},"2":{"loc":{"start":{"line":34,"column":8},"end":{"line":37,"column":null}},"type":"if","locations":[{"start":{"line":34,"column":8},"end":{"line":37,"column":null}},{"start":{},"end":{}}],"line":34}},"s":{"0":1,"1":1,"2":1,"3":1,"4":1,"5":7,"6":7,"7":4,"8":3,"9":3,"10":2,"11":1,"12":1,"13":1,"14":1,"15":1,"16":1,"17":1,"18":1,"19":1,"20":1},"f":{"0":7},"b":{"0":[4,3],"1":[7,5,4],"2":[1,1]},"meta":{"lastBranch":3,"lastFunction":1,"lastStatement":21,"seen":{"s:13:18:13:Infinity":0,"s:14:0:14:Infinity":1,"s:16:15:16:Infinity":2,"s:18:14:18:Infinity":3,"s:21:0:71:Infinity":4,"f:21:23:21:30":0,"s:22:49:22:Infinity":5,"b:24:4:26:Infinity:undefined:undefined:undefined:undefined":0,"s:24:4:26:Infinity":6,"b:24:8:24:19:24:19:24:31:24:31:24:41":1,"s:25:8:25:Infinity":7,"s:28:4:70:Infinity":8,"s:30:23:33:Infinity":9,"b:34:8:37:Infinity:undefined:undefined:undefined:undefined":2,"s:34:8:37:Infinity":10,"s:36:12:36:Infinity":11,"s:39:8:42:Infinity":12,"s:44:22:44:Infinity":13,"s:46:29:54:Infinity":14,"s:56:23:56:Infinity":15,"s:57:21:57:Infinity":16,"s:59:8:62:Infinity":17,"s:66:8:66:Infinity":18,"s:68:8:68:Infinity":19,"s:69:8:69:Infinity":20}}}
,"C:\\Users\\Yukai\\Desktop\\YappR_project\\yappr\\backend\\routes\\messagingRoutes.ts": {"path":"C:\\Users\\Yukai\\Desktop\\YappR_project\\yappr\\backend\\routes\\messagingRoutes.ts","statementMap":{"0":{"start":{"line":9,"column":15},"end":{"line":9,"column":null}},"1":{"start":{"line":13,"column":0},"end":{"line":39,"column":null}},"2":{"start":{"line":14,"column":40},"end":{"line":14,"column":null}},"3":{"start":{"line":15,"column":4},"end":{"line":17,"column":null}},"4":{"start":{"line":16,"column":8},"end":{"line":16,"column":null}},"5":{"start":{"line":19,"column":4},"end":{"line":38,"column":null}},"6":{"start":{"line":21,"column":23},"end":{"line":24,"column":null}},"7":{"start":{"line":25,"column":8},"end":{"line":28,"column":null}},"8":{"start":{"line":27,"column":12},"end":{"line":27,"column":null}},"9":{"start":{"line":30,"column":8},"end":{"line":33,"column":null}},"10":{"start":{"line":34,"column":8},"end":{"line":34,"column":null}},"11":{"start":{"line":36,"column":8},"end":{"line":36,"column":null}},"12":{"start":{"line":37,"column":8},"end":{"line":37,"column":null}},"13":{"start":{"line":41,"column":0},"end":{"line":74,"column":null}},"14":{"start":{"line":42,"column":54},"end":{"line":42,"column":null}},"15":{"start":{"line":45,"column":4},"end":{"line":45,"column":null}},"16":{"start":{"line":45,"column":31},"end":{"line":45,"column":null}},"17":{"start":{"line":47,"column":4},"end":{"line":72,"column":null}},"18":{"start":{"line":49,"column":23},"end":{"line":52,"column":null}},"19":{"start":{"line":54,"column":8},"end":{"line":56,"column":null}},"20":{"start":{"line":55,"column":12},"end":{"line":55,"column":null}},"21":{"start":{"line":57,"column":8},"end":{"line":59,"column":null}},"22":{"start":{"line":58,"column":12},"end":{"line":58,"column":null}},"23":{"start":{"line":60,"column":8},"end":{"line":62,"column":null}},"24":{"start":{"line":61,"column":12},"end":{"line":61,"column":null}},"25":{"start":{"line":64,"column":8},"end":{"line":67,"column":null}},"26":{"start":{"line":68,"column":8},"end":{"line":68,"column":null}},"27":{"start":{"line":70,"column":8},"end":{"line":70,"column":null}},"28":{"start":{"line":71,"column":8},"end":{"line":71,"column":null}},"29":{"start":{"line":77,"column":0},"end":{"line":105,"column":null}},"30":{"start":{"line":78,"column":20},"end":{"line":78,"column":null}},"31":{"start":{"line":80,"column":4},"end":{"line":103,"column":null}},"32":{"start":{"line":81,"column":35},"end":{"line":84,"column":null}},"33":{"start":{"line":86,"column":28},"end":{"line":86,"column":null}},"34":{"start":{"line":87,"column":8},"end":{"line":97,"column":null}},"35":{"start":{"line":90,"column":27},"end":{"line":93,"column":null}},"36":{"start":{"line":96,"column":12},"end":{"line":96,"column":null}},"37":{"start":{"line":99,"column":8},"end":{"line":99,"column":null}},"38":{"start":{"line":101,"column":8},"end":{"line":101,"column":null}},"39":{"start":{"line":102,"column":8},"end":{"line":102,"column":null}},"40":{"start":{"line":107,"column":0},"end":{"line":133,"column":null}},"41":{"start":{"line":108,"column":31},"end":{"line":108,"column":null}},"42":{"start":{"line":111,"column":4},"end":{"line":132,"column":null}},"43":{"start":{"line":112,"column":8},"end":{"line":112,"column":null}},"44":{"start":{"line":112,"column":34},"end":{"line":112,"column":null}},"45":{"start":{"line":115,"column":23},"end":{"line":118,"column":null}},"46":{"start":{"line":120,"column":8},"end":{"line":122,"column":null}},"47":{"start":{"line":121,"column":12},"end":{"line":121,"column":null}},"48":{"start":{"line":124,"column":8},"end":{"line":127,"column":null}},"49":{"start":{"line":128,"column":8},"end":{"line":128,"column":null}},"50":{"start":{"line":130,"column":8},"end":{"line":130,"column":null}},"51":{"start":{"line":131,"column":8},"end":{"line":131,"column":null}}},"fnMap":{"0":{"name":"(anonymous_0)","decl":{"start":{"line":13,"column":28},"end":{"line":13,"column":35}},"loc":{"start":{"line":13,"column":109},"end":{"line":39,"column":1}},"line":13},"1":{"name":"(anonymous_1)","decl":{"start":{"line":41,"column":30},"end":{"line":41,"column":37}},"loc":{"start":{"line":41,"column":113},"end":{"line":74,"column":1}},"line":41},"2":{"name":"(anonymous_2)","decl":{"start":{"line":77,"column":36},"end":{"line":77,"column":43}},"loc":{"start":{"line":77,"column":115},"end":{"line":105,"column":1}},"line":77},"3":{"name":"(anonymous_3)","decl":{"start":{"line":107,"column":29},"end":{"line":107,"column":36}},"loc":{"start":{"line":107,"column":111},"end":{"line":133,"column":1}},"line":107}},"branchMap":{"0":{"loc":{"start":{"line":15,"column":4},"end":{"line":17,"column":null}},"type":"if","locations":[{"start":{"line":15,"column":4},"end":{"line":17,"column":null}},{"start":{},"end":{}}],"line":15},"1":{"loc":{"start":{"line":15,"column":8},"end":{"line":15,"column":42}},"type":"binary-expr","locations":[{"start":{"line":15,"column":8},"end":{"line":15,"column":20}},{"start":{"line":15,"column":20},"end":{"line":15,"column":32}},{"start":{"line":15,"column":32},"end":{"line":15,"column":42}}],"line":15},"2":{"loc":{"start":{"line":25,"column":8},"end":{"line":28,"column":null}},"type":"if","locations":[{"start":{"line":25,"column":8},"end":{"line":28,"column":null}},{"start":{},"end":{}}],"line":25},"3":{"loc":{"start":{"line":45,"column":4},"end":{"line":45,"column":null}},"type":"if","locations":[{"start":{"line":45,"column":4},"end":{"line":45,"column":null}},{"start":{},"end":{}}],"line":45},"4":{"loc":{"start":{"line":54,"column":8},"end":{"line":56,"column":null}},"type":"if","locations":[{"start":{"line":54,"column":8},"end":{"line":56,"column":null}},{"start":{},"end":{}}],"line":54},"5":{"loc":{"start":{"line":54,"column":12},"end":{"line":54,"column":51}},"type":"binary-expr","locations":[{"start":{"line":54,"column":12},"end":{"line":54,"column":33}},{"start":{"line":54,"column":33},"end":{"line":54,"column":51}}],"line":54},"6":{"loc":{"start":{"line":57,"column":8},"end":{"line":59,"column":null}},"type":"if","locations":[{"start":{"line":57,"column":8},"end":{"line":59,"column":null}},{"start":{},"end":{}}],"line":57},"7":{"loc":{"start":{"line":60,"column":8},"end":{"line":62,"column":null}},"type":"if","locations":[{"start":{"line":60,"column":8},"end":{"line":62,"column":null}},{"start":{},"end":{}}],"line":60},"8":{"loc":{"start":{"line":112,"column":8},"end":{"line":112,"column":null}},"type":"if","locations":[{"start":{"line":112,"column":8},"end":{"line":112,"column":null}},{"start":{},"end":{}}],"line":112},"9":{"loc":{"start":{"line":112,"column":12},"end":{"line":112,"column":34}},"type":"binary-expr","locations":[{"start":{"line":112,"column":12},"end":{"line":112,"column":24}},{"start":{"line":112,"column":24},"end":{"line":112,"column":34}}],"line":112},"10":{"loc":{"start":{"line":120,"column":8},"end":{"line":122,"column":null}},"type":"if","locations":[{"start":{"line":120,"column":8},"end":{"line":122,"column":null}},{"start":{},"end":{}}],"line":120}},"s":{"0":1,"1":1,"2":6,"3":6,"4":3,"5":3,"6":3,"7":2,"8":1,"9":1,"10":1,"11":1,"12":1,"13":1,"14":6,"15":6,"16":1,"17":5,"18":5,"19":4,"20":2,"21":2,"22":0,"23":2,"24":1,"25":1,"26":1,"27":1,"28":1,"29":1,"30":3,"31":3,"32":3,"33":2,"34":2,"35":2,"36":2,"37":2,"38":1,"39":1,"40":1,"41":5,"42":5,"43":5,"44":2,"45":3,"46":2,"47":1,"48":1,"49":1,"50":1,"51":1},"f":{"0":6,"1":6,"2":3,"3":5},"b":{"0":[3,3],"1":[6,5,4],"2":[1,1],"3":[1,5],"4":[2,2],"5":[4,3],"6":[0,2],"7":[1,1],"8":[2,3],"9":[5,4],"10":[1,1]},"meta":{"lastBranch":11,"lastFunction":4,"lastStatement":52,"seen":{"s:9:15:9:Infinity":0,"s:13:0:39:Infinity":1,"f:13:28:13:35":0,"s:14:40:14:Infinity":2,"b:15:4:17:Infinity:undefined:undefined:undefined:undefined":0,"s:15:4:17:Infinity":3,"b:15:8:15:20:15:20:15:32:15:32:15:42":1,"s:16:8:16:Infinity":4,"s:19:4:38:Infinity":5,"s:21:23:24:Infinity":6,"b:25:8:28:Infinity:undefined:undefined:undefined:undefined":2,"s:25:8:28:Infinity":7,"s:27:12:27:Infinity":8,"s:30:8:33:Infinity":9,"s:34:8:34:Infinity":10,"s:36:8:36:Infinity":11,"s:37:8:37:Infinity":12,"s:41:0:74:Infinity":13,"f:41:30:41:37":1,"s:42:54:42:Infinity":14,"b:45:4:45:Infinity:undefined:undefined:undefined:undefined":3,"s:45:4:45:Infinity":15,"s:45:31:45:Infinity":16,"s:47:4:72:Infinity":17,"s:49:23:52:Infinity":18,"b:54:8:56:Infinity:undefined:undefined:undefined:undefined":4,"s:54:8:56:Infinity":19,"b:54:12:54:33:54:33:54:51":5,"s:55:12:55:Infinity":20,"b:57:8:59:Infinity:undefined:undefined:undefined:undefined":6,"s:57:8:59:Infinity":21,"s:58:12:58:Infinity":22,"b:60:8:62:Infinity:undefined:undefined:undefined:undefined":7,"s:60:8:62:Infinity":23,"s:61:12:61:Infinity":24,"s:64:8:67:Infinity":25,"s:68:8:68:Infinity":26,"s:70:8:70:Infinity":27,"s:71:8:71:Infinity":28,"s:77:0:105:Infinity":29,"f:77:36:77:43":2,"s:78:20:78:Infinity":30,"s:80:4:103:Infinity":31,"s:81:35:84:Infinity":32,"s:86:28:86:Infinity":33,"s:87:8:97:Infinity":34,"s:90:27:93:Infinity":35,"s:96:12:96:Infinity":36,"s:99:8:99:Infinity":37,"s:101:8:101:Infinity":38,"s:102:8:102:Infinity":39,"s:107:0:133:Infinity":40,"f:107:29:107:36":3,"s:108:31:108:Infinity":41,"s:111:4:132:Infinity":42,"b:112:8:112:Infinity:undefined:undefined:undefined:undefined":8,"s:112:8:112:Infinity":43,"b:112:12:112:24:112:24:112:34":9,"s:112:34:112:Infinity":44,"s:115:23:118:Infinity":45,"b:120:8:122:Infinity:undefined:undefined:undefined:undefined":10,"s:120:8:122:Infinity":46,"s:121:12:121:Infinity":47,"s:124:8:127:Infinity":48,"s:128:8:128:Infinity":49,"s:130:8:130:Infinity":50,"s:131:8:131:Infinity":51}}}
,"C:\\Users\\Yukai\\Desktop\\YappR_project\\yappr\\backend\\routes\\settingsRoutes.ts": {"path":"C:\\Users\\Yukai\\Desktop\\YappR_project\\yappr\\backend\\routes\\settingsRoutes.ts","statementMap":{"0":{"start":{"line":9,"column":15},"end":{"line":9,"column":null}},"1":{"start":{"line":11,"column":0},"end":{"line":26,"column":null}},"2":{"start":{"line":12,"column":35},"end":{"line":12,"column":null}},"3":{"start":{"line":14,"column":4},"end":{"line":14,"column":null}},"4":{"start":{"line":14,"column":34},"end":{"line":14,"column":null}},"5":{"start":{"line":16,"column":4},"end":{"line":25,"column":null}},"6":{"start":{"line":17,"column":8},"end":{"line":20,"column":null}},"7":{"start":{"line":21,"column":8},"end":{"line":21,"column":null}},"8":{"start":{"line":23,"column":8},"end":{"line":23,"column":null}},"9":{"start":{"line":24,"column":8},"end":{"line":24,"column":null}},"10":{"start":{"line":28,"column":0},"end":{"line":44,"column":null}},"11":{"start":{"line":29,"column":20},"end":{"line":29,"column":null}},"12":{"start":{"line":31,"column":4},"end":{"line":43,"column":null}},"13":{"start":{"line":32,"column":22},"end":{"line":35,"column":null}},"14":{"start":{"line":36,"column":7},"end":{"line":38,"column":null}},"15":{"start":{"line":37,"column":8},"end":{"line":37,"column":null}},"16":{"start":{"line":39,"column":7},"end":{"line":39,"column":null}},"17":{"start":{"line":41,"column":8},"end":{"line":41,"column":null}},"18":{"start":{"line":42,"column":8},"end":{"line":42,"column":null}},"19":{"start":{"line":46,"column":0},"end":{"line":62,"column":null}},"20":{"start":{"line":48,"column":35},"end":{"line":48,"column":null}},"21":{"start":{"line":49,"column":4},"end":{"line":49,"column":null}},"22":{"start":{"line":49,"column":47},"end":{"line":49,"column":null}},"23":{"start":{"line":51,"column":4},"end":{"line":60,"column":null}},"24":{"start":{"line":52,"column":8},"end":{"line":55,"column":null}},"25":{"start":{"line":56,"column":8},"end":{"line":56,"column":null}},"26":{"start":{"line":58,"column":8},"end":{"line":58,"column":null}},"27":{"start":{"line":59,"column":8},"end":{"line":59,"column":null}},"28":{"start":{"line":64,"column":0},"end":{"line":77,"column":null}},"29":{"start":{"line":65,"column":20},"end":{"line":65,"column":null}},"30":{"start":{"line":67,"column":4},"end":{"line":76,"column":null}},"31":{"start":{"line":68,"column":23},"end":{"line":71,"column":null}},"32":{"start":{"line":72,"column":8},"end":{"line":72,"column":null}},"33":{"start":{"line":74,"column":8},"end":{"line":74,"column":null}},"34":{"start":{"line":75,"column":8},"end":{"line":75,"column":null}}},"fnMap":{"0":{"name":"(anonymous_0)","decl":{"start":{"line":11,"column":31},"end":{"line":11,"column":38}},"loc":{"start":{"line":11,"column":115},"end":{"line":26,"column":1}},"line":11},"1":{"name":"(anonymous_1)","decl":{"start":{"line":28,"column":39},"end":{"line":28,"column":46}},"loc":{"start":{"line":28,"column":115},"end":{"line":44,"column":1}},"line":28},"2":{"name":"(anonymous_2)","decl":{"start":{"line":46,"column":36},"end":{"line":46,"column":43}},"loc":{"start":{"line":46,"column":125},"end":{"line":62,"column":1}},"line":46},"3":{"name":"(anonymous_3)","decl":{"start":{"line":64,"column":36},"end":{"line":64,"column":43}},"loc":{"start":{"line":64,"column":112},"end":{"line":77,"column":1}},"line":64}},"branchMap":{"0":{"loc":{"start":{"line":14,"column":4},"end":{"line":14,"column":null}},"type":"if","locations":[{"start":{"line":14,"column":4},"end":{"line":14,"column":null}},{"start":{},"end":{}}],"line":14},"1":{"loc":{"start":{"line":14,"column":8},"end":{"line":14,"column":34}},"type":"binary-expr","locations":[{"start":{"line":14,"column":8},"end":{"line":14,"column":24}},{"start":{"line":14,"column":24},"end":{"line":14,"column":34}}],"line":14},"2":{"loc":{"start":{"line":36,"c
[...]
,"C:\\Users\\Yukai\\Desktop\\YappR_project\\yappr\\backend\\routes\\userLogin.ts": {"path":"C:\\Users\\Yukai\\Desktop\\YappR_project\\yappr\\backend\\routes\\userLogin.ts","statementMap":{"0":{"start":{"line":6,"column":15},"end":{"line":6,"column":null}},"1":{"start":{"line":11,"column":0},"end":{"line":24,"column":null}},"2":{"start":{"line":12,"column":4},"end":{"line":15,"column":null}},"3":{"start":{"line":14,"column":8},"end":{"line":14,"column":null}},"4":{"start":{"line":17,"column":4},"end":{"line":22,"column":null}},"5":{"start":{"line":26,"column":0},"end":{"line":43,"column":null}},"6":{"start":{"line":27,"column":4},"end":{"line":42,"column":null}},"7":{"start":{"line":28,"column":8},"end":{"line":31,"column":null}},"8":{"start":{"line":29,"column":12},"end":{"line":29,"column":null}},"9":{"start":{"line":30,"column":12},"end":{"line":30,"column":null}},"10":{"start":{"line":34,"column":8},"end":{"line":38,"column":null}},"11":{"start":{"line":41,"column":8},"end":{"line":41,"column":null}},"12":{"start":{"line":46,"column":0},"end":{"line":80,"column":null}},"13":{"start":{"line":47,"column":36},"end":{"line":47,"column":null}},"14":{"start":{"line":48,"column":4},"end":{"line":48,"column":null}},"15":{"start":{"line":48,"column":35},"end":{"line":48,"column":null}},"16":{"start":{"line":50,"column":4},"end":{"line":79,"column":null}},"17":{"start":{"line":52,"column":23},"end":{"line":55,"column":null}},"18":{"start":{"line":57,"column":8},"end":{"line":59,"column":null}},"19":{"start":{"line":58,"column":12},"end":{"line":58,"column":null}},"20":{"start":{"line":61,"column":21},"end":{"line":61,"column":null}},"21":{"start":{"line":62,"column":8},"end":{"line":65,"column":null}},"22":{"start":{"line":63,"column":12},"end":{"line":63,"column":null}},"23":{"start":{"line":67,"column":23},"end":{"line":67,"column":null}},"24":{"start":{"line":68,"column":8},"end":{"line":76,"column":null}},"25":{"start":{"line":69,"column":12},"end":{"line":69,"column":null}},"26":{"start":{"line":70,"column":12},"end":{"line":70,"column":null}},"27":{"start":{"line":73,"column":12},"end":{"line":73,"column":null}},"28":{"start":{"line":75,"column":12},"end":{"line":75,"column":null}},"29":{"start":{"line":78,"column":8},"end":{"line":78,"column":null}},"30":{"start":{"line":82,"column":0},"end":{"line":117,"column":null}},"31":{"start":{"line":83,"column":40},"end":{"line":83,"column":null}},"32":{"start":{"line":85,"column":4},"end":{"line":85,"column":null}},"33":{"start":{"line":85,"column":42},"end":{"line":85,"column":null}},"34":{"start":{"line":87,"column":4},"end":{"line":116,"column":null}},"35":{"start":{"line":88,"column":30},"end":{"line":88,"column":null}},"36":{"start":{"line":89,"column":25},"end":{"line":92,"column":null}},"37":{"start":{"line":94,"column":8},"end":{"line":97,"column":null}},"38":{"start":{"line":98,"column":8},"end":{"line":98,"column":null}},"39":{"start":{"line":101,"column":8},"end":{"line":114,"column":null}},"40":{"start":{"line":102,"column":12},"end":{"line":113,"column":null}},"41":{"start":{"line":103,"column":16},"end":{"line":103,"column":null}},"42":{"start":{"line":105,"column":12},"end":{"line":113,"column":null}},"43":{"start":{"line":107,"column":16},"end":{"line":107,"column":null}},"44":{"start":{"line":111,"column":16},"end":{"line":111,"column":null}},"45":{"start":{"line":115,"column":8},"end":{"line":115,"column":null}},"46":{"start":{"line":120,"column":0},"end":{"line":170,"column":null}},"47":{"start":{"line":121,"column":45},"end":{"line":121,"column":null}},"48":{"start":{"line":124,"column":4},"end":{"line":126,"column":null}},"49":{"start":{"line":125,"column":8},"end":{"line":125,"column":null}},"50":{"start":{"line":127,"column":4},"end":{"line":130,"column":null}},"51":{"start":{"line":128,"column":8},"end":{"line":128,"column":null}},"52":{"start":{"line":131,"column":4},"end":{"line":169,"column":null}},"53":{"start":{"line":132,"column":23},"end":{"line":135,"column":null}},"54":{"start":{"line":136,"column":8},"end":{"line":138,"column":null}},"55":{"start":{"line":137,"column":12},"end":{"line":137,"column":null}},"56":{"start":{"line":139,"column":24},"end":{"line":139,"column":null}},"57":{"start":{"line":140,"column":8},"end":{"line":142,"column":null}},"58":{"start":{"line":141,"column":12},"end":{"line":141,"column":null}},"59":{"start":{"line":144,"column":8},"end":{"line":147,"column":null}},"60":{"start":{"line":148,"column":8},"end":{"line":148,"column":null}},"61":{"start":{"line":149,"column":8},"end":{"line":161,"column":null}},"62":{"start":{"line":150,"column":12},"end":{"line":153,"column":null}},"63":{"start":{"line":151,"column":16},"end":{"line":151,"column":null}},"64":{"start":{"line":152,"column":16},"end":{"line":152,"column":null}},"65":{"start":{"line":156,"column":8},"end":{"line":160,"column":null}},"66":{"start":{"line":164,"column":8},"end":{"line":166,"column":null}},"67":{"start":{"line":165,"column":12},"end":{"line":165,"column":null}},"68":{"start":{"line":167,"column":8},"end":{"line":167,"column":null}},"69":{"start":{"line":168,"column":8},"end":{"line":168,"column":null}},"70":{"start":{"line":173,"column":2},"end":{"line":173,"column":null}},"71":{"start":{"line":173,"column":24},"end":{"line":173,"column":null}},"72":{"start":{"line":176,"column":22},"end":{"line":176,"column":null}},"73":{"start":{"line":179,"column":2},"end":{"line":179,"column":null}},"74":{"start":{"line":179,"column":36},"end":{"line":179,"column":null}},"75":{"start":{"line":181,"column":14},"end":{"line":181,"column":null}},"76":{"start":{"line":184,"column":23},"end":{"line":184,"column":null}},"77":{"start":{"line":186,"column":2},"end":{"line":186,"column":null}},"78":{"start":{"line":190,"column":15},"end":{"line":190,"column":null}},"79":{"start":{"line":191,"column":14},"end":{"line":191,"column":null}},"80":{"start":{"line":194,"column":4},"end":{"line":196,"column":null}},"81":{"start":{"line":198,"column":46},"end":{"line":205,"column":null}},"82":{"start":{"line":207,"column":2},"end":{"line":211,"column":null}},"83":{"start":{"line":208,"column":4},"end":{"line":208,"column":null}},"84":{"start":{"line":210,"column":4},"end":{"line":210,"column":null}},"85":{"start":{"line":216,"column":17},"end":{"line":216,"column":null}},"86":{"start":{"line":217,"column":17},"end":{"line":217,"column":null}},"87":{"start":{"line":218,"column":4},"end":{"line":218,"column":null}},"88":{"start":{"line":222,"column":25},"end":{"line":222,"column":null}},"89":{"start":{"line":223,"column":4},"end":{"line":223,"column":null}},"90":{"start":{"line":223,"column":15},"end":{"line":223,"column":null}},"91":{"start":{"line":224,"column":27},"end":{"line":224,"column":null}},"92":{"start":{"line":225,"column":4},"end":{"line":225,"column":null}}},"fnMap":{"0":{"name":"(anonymous_0)","decl":{"start":{"line":11,"column":18},"end":{"line":11,"column":19}},"loc":{"start":{"line":11,"column":63},"end":{"line":24,"column":1}},"line":11},"1":{"name":"(anonymous_1)","decl":{"start":{"line":26,"column":23},"end":{"line":26,"column":24}},"loc":{"start":{"line":26,"column":74},"end":{"line":43,"column":1}},"line":26},"2":{"name":"(anonymous_2)","decl":{"start":{"line":27,"column":24},"end":{"line":27,"column":31}},"loc":{"start":{"line":27,"column":31},"end":{"line":42,"column":5}},"line":27},"3":{"name":"(anonymous_3)","decl":{"start":{"line":46,"column":22},"end":{"line":46,"column":29}},"loc":{"start":{"line":46,"column":97},"end":{"line":80,"column":1}},"line":46},"4":{"name":"(anonymous_4)","decl":{"start":{"line":82,"column":25},"end":{"line":82,"column":32}},"loc":{"start":{"line":82,"column":103},"end":{"line":117,"column":1}},"line":82},"5":{"name":"(anonymous_5)","decl":{"start":{"line":120,"column":31},"end":{"line":120,"column":38}},"loc":{"start":{"line":120,"column":115},"end":{"line":170,"column":1}},"line":120},"6":{"name":"(anonymous_6)","decl":{"start":{"line":149,"column":25},"end":{"line":149,"column":32}},"loc":{"start":{"line":149,"column":32},"end":{"line":161,"column":5}},"line":149},"7":{"name":"isTwoWeeksOrOlder","decl":{"start":{"line":172,"column":9},"end":{"line":172,"column":27}},"loc":{"start":{"line":172,"column":61},"end":{"line":187,"column":null}},"line":172},"8":{"name":"formatDateTimeSmart","decl":{"start":{"line":189,"column":9},"end":{"line":189,"column":29}},"loc":{"start":{"line":189,"column":56},"end":{"line":212,"column":null}},"line":189},"9":{"name":"encryptPassword","decl":{"start":{"line":215,"column":9},"end":{"line":215,"column":26}},"loc":{"start":{"line":215,"column":52},"end":{"line":219,"column":null}},"line":215},"10":{"name":"comparePassword","decl":{"start":{"line":221,"column":9},"end":{"line":221,"column":26}},"loc":{"start":{"line":221,"column":69},"end":{"line":226,"column":null}},"line":221}},"branchMap":{"0":{"loc":{"start":{"line":12,"column":4},"end":{"line":15,"column":null}},"type":"if","locations":[{"start":{"line":12,"column":4},"end":{"line":15,"column":null}},{"start":{},"end":{}}],"line":12},"1":{"loc":{"start":{"line":19,"column":22},"end":{"line":19,"column":null}},"type":"binary-expr","locations":[{"start":{"line":19,"column":22},"end":{"line":19,"column":46}},{"start":{"line":19,"column":46},"end":{"line":19,"column":null}}],"line":19},"2":{"loc":{"start":{"line":28,"column":8},"end":{"line":31,"column":null}},"type":"if","locations":[{"start":{"line":28,"column":8},"end":{"line":31,"column":null}},{"start":{},"end":{}}],"line":28},"3":{"loc":{"start":{"line":48,"column":4},"end":{"line":48,"column":null}},"type":"if","locations":[{"start":{"line":48,"column":4},"end":{"line":48,"column":null}},{"start":{},"end":{}}],"line":48},"4":{"loc":{"start":{"line":48,"column":8},"end":{"line":48,"column":35}},"type":"binary-expr","locations":[{"start":{"line":48,"column":8},"end":{"line":48,"column":24}},{"start":{"line":48,"column":24},"end":{"line":48,"column":35}}],"line":48},"5":{"loc":{"start":{"line":57,"column":8},"end":{"line":59,"column":null}},"type":"if","locations":[{"start":{"line":57,"column":8},"end":{"line":59,"column":null}},{"start":{},"end":{}}],"line":57},"6":{"loc":{"start":{"line":62,"column":8},"end":{"line":65,"column":null}},"type":"if","locations":[{"start":{"line":62,"column":8},"end":{"line":65,"column":null}},{"start":{},"end":{}}],"line":62},"7":{"loc":{"start":{"line":68,"column":8},"end":{"line":76,"column":null}},"type":"if","locations":[{"start":{"line":68,"column":8},"end":{"line":76,"column":null}},{"start":{"line":74,"column":15},"end":{"line":76,"column":null}}],"line":68},"8":{"loc":{"start":{"line":85,"column":4},"end":{"line":85,"column":null}},"type":"if","locations":[{"start":{"line":85,"column":4},"end":{"line":85,"column":null}},{"start":{},"end":{}}],"line":85},"9":{"loc":{"start":{"line":85,"column":8},"end":{"line":85,"column":42}},"type":"binary-expr","locations":[{"start":{"line":85,"column":8},"end":{"line":85,"column":21}},{"start":{"line":85,"column":21},"end":{"line":85,"column":34}},{"start":{"line":85,"column":34},"end":{"line":85,"column":42}}],"line":85},"10":{"loc":{"start":{"line":101,"column":8},"end":{"line":114,"column":null}},"type":"if","locations":[{"start":{"line":101,"column":8},"end":{"line":114,"column":null}},{"start":{},"end":{}}],"line":101},"11":{"loc":{"start":{"line":102,"column":12},"end":{"line":113,"column":null}},"type":"if","locations":[{"start":{"line":102,"column":12},"end":{"line":113,"column":null}},{"start":{"line":105,"column":12},"end":{"line":113,"column":null}}],"line":102},"12":{"loc":{"start":{"line":105,"column":12},"end":{"line":113,"column":null}},"type":"if","locations":[{"start":{"line":105,"column":12},"end":{"line":113,"column":null}},{"start":{"line":110,"column":17},"end":{"line":113,"column":null}}],"line":105},"13":{"loc":{"start":{"line":124,"column":4},"end":{"line":126,"column":null}},"type":"if","locations":[{"start":{"line":124,"column":4},"end":{"line":126,"column":null}},{"start":{},"end":{}}],"line":124},"14":{"loc":{"start":{"line":124,"column":8},"end":{"line":124,"column":34}},"type":"binary-expr","locations":[{"start":{"line":124,"column":8},"end":{"line":124,"column":24}},{"start":{"line":124,"column":24},"end":{"line":124,"column":34}}],"line":124},"15":{"loc":{"start":{"line":127,"column":4},"end":{"line":130,"column":null}},"type":"if","locations":[{"start":{"line":127,"column":4},"end":{"line":130,"column":null}},{"start":{},"end":{}}],"line":127},"16":{"loc":{"start":{"line":136,"column":8},"end":{"line":138,"column":null}},"type":"if","locations":[{"start":{"line":136,"column":8},"end":{"line":138,"column":null}},{"start":{},"end":{}}],"line":136},"17":{"loc":{"start":{"line":140,"column":8},"end":{"line":142,"column":null}},"type":"if","locations":[{"start":{"line":140,"column":8},"end":{"line":142,"column":null}},{"start":{},"end":{}}],"line":140},"18":{"loc":{"start":{"line":150,"column":12},"end":{"line":153,"column":null}},"type":"if","locations":[{"start":{"line":150,"column":12},"end":{"line":153,"column":null}},{"start":{},"end":{}}],"line":150},"19":{"loc":{"start":{"line":164,"column":8},"end":{"line":166,"column":null}},"type":"if","locations":[{"start":{"line":164,"column":8},"end":{"line":166,"column":null}},{"start":{},"end":{}}],"line":164},"20":{"loc":{"start":{"line":173,"column":2},"end":{"line":173,"column":null}},"type":"if","locations":[{"start":{"line":173,"column":2},"end":{"line":173,"column":null}},{"start":{},"end":{}}],"line":173},"21":{"loc":{"start":{"line":179,"column":2},"end":{"line":179,"column":null}},"type":"if","locations":[{"start":{"line":179,"column":2},"end":{"line":179,"column":null}},{"start":{},"end":{}}],"line":179},"22":{"loc":{"start":{"line":194,"column":4},"end":{"line":196,"column":null}},"type":"binary-expr","locations":[{"start":{"line":194,"column":4},"end":{"line":194,"column":null}},{"start":{"line":195,"column":4},"end":{"line":195,"column":null}},{"start":{"line":196,"column":4},"end":{"line":196,"column":null}}],"line":194},"23":{"loc":{"start":{"line":207,"column":2},"end":{"line":211,"column":null}},"type":"if","locations":[{"start":{"line":207,"column":2},"end":{"line":211,"column":null}},{"start":{"line":209,"column":9},"end":{"line":211,"column":null}}],"line":207},"24":{"loc":{"start":{"line":223,"column":4},"end":{"line":223,"column":null}},"type":"if","locations":[{"start":{"line":223,"column":4},"end":{"line":223,"column":null}},{"start":{},"end":{}}],"line":223}},"s":{"0":1,"1":1,"2":1,"3":1,"4":0,"5":1,"6":0,"7":0,"8":0,"9":0,"10":0,"11":0,"12":1,"13":3,"14":3,"15":1,"16":2,"17":2,"18":2,"19":1,"20":1,"21":1,"22":0,"23":1,"24":1,"25":1,"26":1,"27":1,"28":0,"29":0,"30":1,"31":2,"32":2,"33":1,"34":1,"35":1,"36":1,"37":1,"38":1,"39":0,"40":0,"41":0,"42":0,"43":0,"44":0,"45":0,"46":1,"47":0,"48":0,"49":0,"50":0,"51":0,"52":0,"53":0,"54":0,"55":0,"56":0,"57":0,"58":0,"59":0,"60":0,"61":0,"62":0,"63":0,"64":0,"65":0,"66":0,"67":0,"68":0,"69":0,"70":0,"71":0,"72":0,"73":0,"74":0,"75":0,"76":0,"77":0,"78":0,"79":0,"80":0,"81":0,"82":0,"83":0,"84":0,"85":1,"86":1,"87":1,"88":1,"89":1,"90":0,"91":1,"92":1},"f":{"0":1,"1":0,"2":0,"3":3,"4":2,"5":0,"6":0,"7":0,"8":0,"9":1,"10":1},"b":{"0":[1,0],"1":[0,0],"2":[0,0],"3":[1,2],"4":[3,2],"5":[1,1],"6":[0,1],"7":[1,0],"8":[1,1],"9":[2,2,1],"10":[0,0],"11":[0,0],"12":[0,0],"13":[0,0],"14":[0,0],"15":[0,0],"16":[0,0],"17":[0,0],"18":[0,0],"19":[0,0],"20":[0,0],"21":[0,0],"22":[0,0,0],"23":[0,0],"24":[0,1]},"meta":{"lastBranch":25,"lastFunction":11,"lastStatement":93,"seen":{"s:6:15:6:Infinity":0,"s:11:0:24:Infinity":1,"f:11:18:11:19":0,"b:12:4:15:Infinity:undefined:undefined:undefined:undefined":0,"s:12:4:15:Infinity":2,"s:14:8:14:Infinity":3,"s:17:4:22:Infinity":4,"b:19:22:19:46:19:46:19:Infinity":1,"s:26:0:43:Infinity":5,"f:26:23:26:24":1,"s:27:4:42:Infinity":6,"f:27:24:27:31":2,"b:28:8:31:Infinity:undefined:undefined:undefined:undefined":2,"s:28:8:31:Infinity":7,"s:29:12:29:Infinity":8,"s:30:12:30:Infinity":9,"s:34:8:38:Infinity":10,"s:41:8:41:Infinity":11,"s:46:0:80:Infinity":12,"f:46:22:46:29":3,"s:47:36:47:Infinity":13,"b:48:4:48:Infinity:undefined:undefined:undefined:undefined":3,"s:48:4:48:Infinity":14,"b:48:8:48:24:48:24:48:35":4,"s:48:35:48:Infinity":15,"s:50:4:79:Infinity":16,"s:52:23:55:Infinity":17,"b:57:8:59:Infinity:undefined:undefined:undefined:undefined":5,"s:57:8:59:Infinity":18,"s:58:12:58:Infinity":19,"s:61:21:61:Infinity":20,"b:62:8:65:Infinity:undefined:undefined:undefined:undefined":6,"s:62:8:65:Infinity":21,"s:63:12:63:Infinity":22,"s:67:23:67:Infinity":23,"b:68:8:76:Infinity:74:15:76:Infinity":7,"s:68:8:76:Infinity":24,"s:69:12:69:Infinity":25,"s:70:12:70:Infinity":26,"s:73:12:73:Infinity":27,"s:75:12:75:Infinity":28,"s:78:8:78:Infinity":29,"s:82:0:117:Infinity":30,"f:82:25:82:32":4,"s:83:40:83:Infinity":31,"b:85:4:85:Infinity:undefined:undefined:undefined:undefined":8,"s:85:4:85:Infinity":32,"b:85:8:85:21:85:21:85:34:85:34:85:42":9,"s:85:42:85:Infinity":33,"s:87:4:116:Infinity":34,"s:88:30:88:Infinity":35,"s:89:25:92:Infinity":36,"s:94:8:97:Infinity":37,"s:98:8:98:Infinity":38,"b:101:8:114:Infinity:undefined:undefined:undefined:undefined":10,"s:101:8:114:Infinity":39,"b:102:12:113:Infinity:105:12:113:Infinity":11,"s:102:12:113:Infinity":40,"s:103:16:103:Infinity":41,"b:105:12:113:Infinity:110:17:113:Infinity":12,"s:105:12:113:Infinity":42,"s:107:16:107:Infinity":43,"s:111:16:111:Infinity":44,"s:115:8:115:Infinity":45,"s:120:0:170:Infinity":46,"f:120:31:120:38":5,"s:121:45:121:Infinity":47,"b:124:4:126:Infinity:undefined:undefined:undefined:undefined":13,"s:124:4:126:Infinity":48,"b:124:8:124:24:124:24:124:34":14,"s:125:8:125:Infinity":49,"b:127:4:130:Infinity:undefined:undefined:undefined:undefined":15,"s:127:4:130:Infinity":50,"s:128:8:128:Infinity":51,"s:131:4:169:Infinity":52,"s:132:23:135:Infinity":53,"b:136:8:138:Infinity:undefined:undefined:undefined:undefined":16,"s:136:8:138:Infinity":54,"s:137:12:137:Infinity":55,"s:139:24:139:Infinity":56,"b:140:8:142:Infinity:undefined:undefined:undefined:undefined":17,"s:140:8:142:Infinity":57,"s:141:12:141:Infinity":58,"s:144:8:147:Infinity":59,"s:148:8:148:Infinity":60,"s:149:8:161:Infinity":61,"f:149:25:149:32":6,"b:150:12:153:Infinity:undefined:undefined:undefined:undefined":18,"s:150:12:153:Infinity":62,"s:151:16:151:Infinity":63,"s:152:16:152:Infinity":64,"s:156:8:160:Infinity":65,"b:164:8:166:Infinity:undefined:undefined:undefined:undefined":19,"s:164:8:166:Infinity":66,"s:165:12:165:Infinity":67,"s:167:8:167:Infinity":68,"s:168:8:168:Infinity":69,"f:172:9:172:27":7,"b:173:2:173:Infinity:undefined:undefined:undefined:undefined":20,"s:173:2:173:Infinity":70,"s:173:24:173:Infinity":71,"s:176:22:176:Infinity":72,"b:179:2:179:Infinity:undefined:undefined:undefined:undefined":21,"s:179:2:179:Infinity":73,"s:179:36:179:Infinity":74,"s:181:14:181:Infinity":75,"s:184:23:184:Infinity":76,"s:186:2:186:Infinity":77,"f:189:9:189:29":8,"s:190:15:190:Infinity":78,"s:191:14:191:Infinity":79,"s:194:4:196:Infinity":80,"b:194:4:194:Infinity:195:4:195:Infinity:196:4:196:Infinity":22,"s:198:46:205:Infinity":81,"b:207:2:211:Infinity:209:9:211:Infinity":23,"s:207:2:211:Infinity":82,"s:208:4:208:Infinity":83,"s:210:4:210:Infinity":84,"f:215:9:215:26":9,"s:216:17:216:Infinity":85,"s:217:17:217:Infinity":86,"s:218:4:218:Infinity":87,"f:221:9:221:26":10,"s:222:25:222:Infinity":88,"b:223:4:223:Infinity:undefined:undefined:undefined:undefined":24,"s:223:4:223:Infinity":89,"s:223:15:223:Infinity":90,"s:224:27:224:Infinity":91,"s:225:4:225:Infinity":92}}}
}
